<?xml version="1.0" encoding="utf-8"?>
<CoverageSession xmlns:xsd="http://www.w3.org/2001/XMLSchema" xmlns:xsi="http://www.w3.org/2001/XMLSchema-instance" Version="0.0.0.0">
  <Summary numSequencePoints="83" visitedSequencePoints="65" numBranchPoints="0" visitedBranchPoints="0" sequenceCoverage="78.31" branchCoverage="0.0" maxCyclomaticComplexity="0" minCyclomaticComplexity="0" maxCrapScore="0" minCrapScore="0" visitedClasses="9" numClasses="9" visitedMethods="25" numMethods="27" />
  <Modules>
    <Module>
      <Summary numSequencePoints="83" visitedSequencePoints="65" numBranchPoints="0" visitedBranchPoints="0" sequenceCoverage="78.31" branchCoverage="0.0" maxCyclomaticComplexity="0" minCyclomaticComplexity="0" maxCrapScore="0" minCrapScore="0" visitedClasses="9" numClasses="9" visitedMethods="25" numMethods="27" />
      <ModuleTime>0001-01-01T00:00:00</ModuleTime>
      <ModuleName>GameView</ModuleName>
      <Files>
        <File uid="1" fullPath="D:/REPOS/UNITY/MythsAndHorrors/Assets/SRC/GameView/Components/CardGeneratorComponent.cs" />
        <File uid="2" fullPath="D:/REPOS/UNITY/MythsAndHorrors/Assets/SRC/GameView/Components/InjectionComponent.cs" />
        <File uid="3" fullPath="D:/REPOS/UNITY/MythsAndHorrors/Assets/SRC/GameView/Components/InjectionGlobalComponent.cs" />
        <File uid="4" fullPath="D:/REPOS/UNITY/MythsAndHorrors/Assets/SRC/GameView/Components/SceneComponent.cs" />
        <File uid="5" fullPath="D:/REPOS/UNITY/MythsAndHorrors/Assets/SRC/GameView/Managers/CardsViewManager.cs" />
        <File uid="6" fullPath="D:/REPOS/UNITY/MythsAndHorrors/Assets/SRC/GameView/Managers/ZonesManager.cs" />
        <File uid="7" fullPath="D:/REPOS/UNITY/MythsAndHorrors/Assets/SRC/GameView/Presenters/ActivatorCardPreseterPresenter.cs" />
        <File uid="8" fullPath="D:/REPOS/UNITY/MythsAndHorrors/Assets/SRC/GameView/Presenters/CardMovePresenter.cs" />
        <File uid="9" fullPath="D:/REPOS/UNITY/MythsAndHorrors/Assets/SRC/GameView/Services/InjectionService.cs" />
        <File uid="10" fullPath="D:/REPOS/UNITY/MythsAndHorrors/Assets/SRC/GameView/Services/JsonService.cs" />
        <File uid="11" fullPath="D:/REPOS/UNITY/MythsAndHorrors/Assets/SRC/GameView/UseCases/InitializeGameUseCase.cs" />
        <File uid="12" fullPath="D:/REPOS/UNITY/MythsAndHorrors/Assets/SRC/GameView/Views/CardView.cs" />
        <File uid="13" fullPath="D:/REPOS/UNITY/MythsAndHorrors/Assets/SRC/GameView/Views/Zones/ZoneBasicView.cs" />
        <File uid="14" fullPath="D:/REPOS/UNITY/MythsAndHorrors/Assets/SRC/GameView/Views/Zones/ZoneDeckView.cs" />
        <File uid="15" fullPath="D:/REPOS/UNITY/MythsAndHorrors/Assets/SRC/GameView/Views/Zones/ZoneRowView.cs" />
        <File uid="16" fullPath="D:/REPOS/UNITY/MythsAndHorrors/Assets/SRC/GameView/Views/Zones/ZoneView.cs" />
        <File uid="17" fullPath="D:/REPOS/UNITY/MythsAndHorrors/Assets/SRC/GameView/Zones/CreateDeck.cs" />
        <File uid="18" fullPath="D:/REPOS/UNITY/MythsAndHorrors/Assets/SRC/GameView/Zones/CreateRow.cs" />
        <File uid="19" fullPath="D:/REPOS/UNITY/MythsAndHorrors/Assets/SRC/GameView/Components/LoaderComponent.cs" />
      </Files>
      <Classes>
        <Class>
          <Summary numSequencePoints="22" visitedSequencePoints="15" numBranchPoints="0" visitedBranchPoints="0" sequenceCoverage="68.18" branchCoverage="0.0" maxCyclomaticComplexity="0" minCyclomaticComplexity="0" maxCrapScore="0" minCrapScore="0" visitedClasses="1" numClasses="1" visitedMethods="2" numMethods="2" />
          <FullName>MythsAndHorrors.GameView.CardGeneratorComponent</FullName>
          <Methods>
            <Method visited="true" cyclomaticComplexity="0" nPathComplexity="0" sequenceCoverage="100.0" branchCoverage="0" crapScore="0" isConstructor="false" isStatic="false" isGetter="false" isSetter="false">
              <Summary numSequencePoints="12" visitedSequencePoints="12" numBranchPoints="0" visitedBranchPoints="0" sequenceCoverage="100.0" branchCoverage="0" maxCyclomaticComplexity="0" minCyclomaticComplexity="0" maxCrapScore="0" minCrapScore="0" visitedClasses="0" numClasses="0" visitedMethods="1" numMethods="1" />
              <MetadataToken>100663300</MetadataToken>
              <Name>System.Collections.Generic.List[CardView] MythsAndHorrors.GameView.CardGeneratorComponent::BuildCards(System.Collections.Generic.IReadOnlyList[Card])</Name>
              <FileRef uid="1" />
              <SequencePoints>
                <SequencePoint vc="1" uspid="251" ordinal="0" offset="0" sl="22" sc="9" el="22" ec="9" bec="0" bev="0" fileid="1" />
                <SequencePoint vc="1" uspid="252" ordinal="0" offset="1" sl="23" sc="13" el="23" ec="13" bec="0" bev="0" fileid="1" />
                <SequencePoint vc="1" uspid="253" ordinal="0" offset="7" sl="24" sc="13" el="24" ec="13" bec="0" bev="0" fileid="1" />
                <SequencePoint vc="1" uspid="254" ordinal="0" offset="8" sl="24" sc="35" el="24" ec="35" bec="0" bev="0" fileid="1" />
                <SequencePoint vc="2" uspid="255" ordinal="0" offset="17" sl="24" sc="22" el="24" ec="22" bec="0" bev="0" fileid="1" />
                <SequencePoint vc="2" uspid="256" ordinal="0" offset="24" sl="25" sc="13" el="25" ec="13" bec="0" bev="0" fileid="1" />
                <SequencePoint vc="2" uspid="257" ordinal="0" offset="25" sl="26" sc="17" el="26" ec="17" bec="0" bev="0" fileid="1" />
                <SequencePoint vc="2" uspid="258" ordinal="0" offset="70" sl="27" sc="17" el="27" ec="17" bec="0" bev="0" fileid="1" />
                <SequencePoint vc="2" uspid="259" ordinal="0" offset="78" sl="28" sc="13" el="28" ec="13" bec="0" bev="0" fileid="1" />
                <SequencePoint vc="3" uspid="260" ordinal="0" offset="79" sl="24" sc="32" el="24" ec="32" bec="0" bev="0" fileid="1" />
                <SequencePoint vc="1" uspid="261" ordinal="0" offset="100" sl="29" sc="13" el="29" ec="13" bec="0" bev="0" fileid="1" />
                <SequencePoint vc="1" uspid="262" ordinal="0" offset="105" sl="30" sc="9" el="30" ec="9" bec="0" bev="0" fileid="1" />
              </SequencePoints>
              <BranchPoints />
            </Method>
            <Method visited="true" cyclomaticComplexity="0" nPathComplexity="0" sequenceCoverage="30.00" branchCoverage="0" crapScore="0" isConstructor="false" isStatic="false" isGetter="false" isSetter="false">
              <Summary numSequencePoints="10" visitedSequencePoints="3" numBranchPoints="0" visitedBranchPoints="0" sequenceCoverage="30.00" branchCoverage="0" maxCyclomaticComplexity="0" minCyclomaticComplexity="0" maxCrapScore="0" minCrapScore="0" visitedClasses="0" numClasses="0" visitedMethods="1" numMethods="1" />
              <MetadataToken>100663301</MetadataToken>
              <Name>MythsAndHorrors.GameView.CardView MythsAndHorrors.GameView.CardGeneratorComponent::GetPrefab(MythsAndHorrors.GameRules.CardType)</Name>
              <FileRef uid="1" />
              <SequencePoints>
                <SequencePoint vc="2" uspid="263" ordinal="0" offset="0" sl="32" sc="58" el="32" ec="58" bec="0" bev="0" fileid="1" />
                <SequencePoint vc="0" uspid="264" ordinal="0" offset="3" sl="32" sc="67" el="32" ec="67" bec="0" bev="0" fileid="1" />
                <SequencePoint vc="1" uspid="265" ordinal="0" offset="48" sl="34" sc="36" el="34" ec="36" bec="0" bev="0" fileid="1" />
                <SequencePoint vc="0" uspid="266" ordinal="0" offset="57" sl="35" sc="70" el="35" ec="70" bec="0" bev="0" fileid="1" />
                <SequencePoint vc="1" uspid="267" ordinal="0" offset="66" sl="36" sc="56" el="36" ec="56" bec="0" bev="0" fileid="1" />
                <SequencePoint vc="0" uspid="268" ordinal="0" offset="75" sl="37" sc="31" el="37" ec="31" bec="0" bev="0" fileid="1" />
                <SequencePoint vc="0" uspid="269" ordinal="0" offset="84" sl="38" sc="30" el="38" ec="30" bec="0" bev="0" fileid="1" />
                <SequencePoint vc="0" uspid="270" ordinal="0" offset="93" sl="39" sc="30" el="39" ec="30" bec="0" bev="0" fileid="1" />
                <SequencePoint vc="0" uspid="271" ordinal="0" offset="102" sl="40" sc="18" el="40" ec="18" bec="0" bev="0" fileid="1" />
                <SequencePoint vc="0" uspid="272" ordinal="0" offset="127" sl="32" sc="58" el="32" ec="58" bec="0" bev="0" fileid="1" />
              </SequencePoints>
              <BranchPoints />
            </Method>
          </Methods>
        </Class>
        <Class>
          <Summary numSequencePoints="3" visitedSequencePoints="3" numBranchPoints="0" visitedBranchPoints="0" sequenceCoverage="100.0" branchCoverage="0.0" maxCyclomaticComplexity="0" minCyclomaticComplexity="0" maxCrapScore="0" minCrapScore="0" visitedClasses="1" numClasses="1" visitedMethods="1" numMethods="1" />
          <FullName>MythsAndHorrors.GameView.InjectionComponent</FullName>
          <Methods>
            <Method visited="true" cyclomaticComplexity="0" nPathComplexity="0" sequenceCoverage="100.0" branchCoverage="0" crapScore="0" isConstructor="false" isStatic="false" isGetter="false" isSetter="false">
              <Summary numSequencePoints="3" visitedSequencePoints="3" numBranchPoints="0" visitedBranchPoints="0" sequenceCoverage="100.0" branchCoverage="0" maxCyclomaticComplexity="0" minCyclomaticComplexity="0" maxCrapScore="0" minCrapScore="0" visitedClasses="0" numClasses="0" visitedMethods="1" numMethods="1" />
              <MetadataToken>100663303</MetadataToken>
              <Name>System.Void MythsAndHorrors.GameView.InjectionComponent::InstallBindings()</Name>
              <FileRef uid="2" />
              <SequencePoints>
                <SequencePoint vc="1" uspid="273" ordinal="0" offset="0" sl="8" sc="9" el="8" ec="9" bec="0" bev="0" fileid="2" />
                <SequencePoint vc="1" uspid="274" ordinal="0" offset="1" sl="9" sc="13" el="9" ec="13" bec="0" bev="0" fileid="2" />
                <SequencePoint vc="1" uspid="275" ordinal="0" offset="13" sl="10" sc="9" el="10" ec="9" bec="0" bev="0" fileid="2" />
              </SequencePoints>
              <BranchPoints />
            </Method>
          </Methods>
        </Class>
        <Class>
          <Summary numSequencePoints="21" visitedSequencePoints="21" numBranchPoints="0" visitedBranchPoints="0" sequenceCoverage="100.0" branchCoverage="0.0" maxCyclomaticComplexity="0" minCyclomaticComplexity="0" maxCrapScore="0" minCrapScore="0" visitedClasses="1" numClasses="1" visitedMethods="3" numMethods="3" />
          <FullName>MythsAndHorrors.GameView.InjectionService</FullName>
          <Methods>
            <Method visited="true" cyclomaticComplexity="0" nPathComplexity="0" sequenceCoverage="100.0" branchCoverage="0" crapScore="0" isConstructor="false" isStatic="false" isGetter="false" isSetter="false">
              <Summary numSequencePoints="4" visitedSequencePoints="4" numBranchPoints="0" visitedBranchPoints="0" sequenceCoverage="100.0" branchCoverage="0" maxCyclomaticComplexity="0" minCyclomaticComplexity="0" maxCrapScore="0" minCrapScore="0" visitedClasses="0" numClasses="0" visitedMethods="1" numMethods="1" />
              <MetadataToken>100663353</MetadataToken>
              <Name>System.Void MythsAndHorrors.GameView.InjectionService::InstallBindings()</Name>
              <FileRef uid="9" />
              <SequencePoints>
                <SequencePoint vc="1" uspid="338" ordinal="0" offset="0" sl="9" sc="9" el="9" ec="9" bec="0" bev="0" fileid="9" />
                <SequencePoint vc="1" uspid="339" ordinal="0" offset="1" sl="10" sc="13" el="10" ec="13" bec="0" bev="0" fileid="9" />
                <SequencePoint vc="1" uspid="340" ordinal="0" offset="8" sl="11" sc="13" el="11" ec="13" bec="0" bev="0" fileid="9" />
                <SequencePoint vc="1" uspid="341" ordinal="0" offset="15" sl="12" sc="9" el="12" ec="9" bec="0" bev="0" fileid="9" />
              </SequencePoints>
              <BranchPoints />
            </Method>
            <Method visited="true" cyclomaticComplexity="0" nPathComplexity="0" sequenceCoverage="100.0" branchCoverage="0" crapScore="0" isConstructor="false" isStatic="false" isGetter="false" isSetter="false">
              <Summary numSequencePoints="8" visitedSequencePoints="8" numBranchPoints="0" visitedBranchPoints="0" sequenceCoverage="100.0" branchCoverage="0" maxCyclomaticComplexity="0" minCyclomaticComplexity="0" maxCrapScore="0" minCrapScore="0" visitedClasses="0" numClasses="0" visitedMethods="1" numMethods="1" />
              <MetadataToken>100663354</MetadataToken>
              <Name>System.Void MythsAndHorrors.GameView.InjectionService::InstallView()</Name>
              <FileRef uid="9" />
              <SequencePoints>
                <SequencePoint vc="1" uspid="342" ordinal="0" offset="6" sl="15" sc="9" el="15" ec="9" bec="0" bev="0" fileid="9" />
                <SequencePoint vc="1" uspid="343" ordinal="0" offset="7" sl="16" sc="13" el="16" ec="13" bec="0" bev="0" fileid="9" />
                <SequencePoint vc="1" uspid="344" ordinal="0" offset="28" sl="19" sc="13" el="19" ec="13" bec="0" bev="0" fileid="9" />
                <SequencePoint vc="1" uspid="345" ordinal="0" offset="57" sl="23" sc="13" el="23" ec="13" bec="0" bev="0" fileid="9" />
                <SequencePoint vc="1" uspid="346" ordinal="0" offset="86" sl="27" sc="13" el="27" ec="13" bec="0" bev="0" fileid="9" />
                <SequencePoint vc="1" uspid="347" ordinal="0" offset="115" sl="30" sc="13" el="30" ec="13" bec="0" bev="0" fileid="9" />
                <SequencePoint vc="1" uspid="348" ordinal="0" offset="180" sl="34" sc="13" el="34" ec="13" bec="0" bev="0" fileid="9" />
                <SequencePoint vc="1" uspid="349" ordinal="0" offset="209" sl="36" sc="9" el="36" ec="9" bec="0" bev="0" fileid="9" />
              </SequencePoints>
              <BranchPoints />
            </Method>
            <Method visited="true" cyclomaticComplexity="0" nPathComplexity="0" sequenceCoverage="100.0" branchCoverage="0" crapScore="0" isConstructor="false" isStatic="false" isGetter="false" isSetter="false">
              <Summary numSequencePoints="9" visitedSequencePoints="9" numBranchPoints="0" visitedBranchPoints="0" sequenceCoverage="100.0" branchCoverage="0" maxCyclomaticComplexity="0" minCyclomaticComplexity="0" maxCrapScore="0" minCrapScore="0" visitedClasses="0" numClasses="0" visitedMethods="1" numMethods="1" />
              <MetadataToken>100663355</MetadataToken>
              <Name>System.Void MythsAndHorrors.GameView.InjectionService::InstallRules()</Name>
              <FileRef uid="9" />
              <SequencePoints>
                <SequencePoint vc="1" uspid="350" ordinal="0" offset="6" sl="39" sc="9" el="39" ec="9" bec="0" bev="0" fileid="9" />
                <SequencePoint vc="1" uspid="351" ordinal="0" offset="7" sl="40" sc="13" el="40" ec="13" bec="0" bev="0" fileid="9" />
                <SequencePoint vc="1" uspid="352" ordinal="0" offset="28" sl="43" sc="13" el="43" ec="13" bec="0" bev="0" fileid="9" />
                <SequencePoint vc="1" uspid="353" ordinal="0" offset="57" sl="47" sc="13" el="47" ec="13" bec="0" bev="0" fileid="9" />
                <SequencePoint vc="1" uspid="354" ordinal="0" offset="86" sl="50" sc="13" el="50" ec="13" bec="0" bev="0" fileid="9" />
                <SequencePoint vc="1" uspid="355" ordinal="0" offset="151" sl="54" sc="13" el="54" ec="13" bec="0" bev="0" fileid="9" />
                <SequencePoint vc="1" uspid="356" ordinal="0" offset="180" sl="57" sc="13" el="57" ec="13" bec="0" bev="0" fileid="9" />
                <SequencePoint vc="1" uspid="357" ordinal="0" offset="245" sl="61" sc="13" el="61" ec="13" bec="0" bev="0" fileid="9" />
                <SequencePoint vc="1" uspid="358" ordinal="0" offset="274" sl="63" sc="9" el="63" ec="9" bec="0" bev="0" fileid="9" />
              </SequencePoints>
              <BranchPoints />
            </Method>
          </Methods>
        </Class>
        <Class>
          <Summary numSequencePoints="9" visitedSequencePoints="1" numBranchPoints="0" visitedBranchPoints="0" sequenceCoverage="11.11" branchCoverage="0.0" maxCyclomaticComplexity="0" minCyclomaticComplexity="0" maxCrapScore="0" minCrapScore="0" visitedClasses="1" numClasses="1" visitedMethods="1" numMethods="3" />
          <FullName>MythsAndHorrors.GameView.JsonService</FullName>
          <Methods>
            <Method visited="false" cyclomaticComplexity="0" nPathComplexity="0" sequenceCoverage="0.0" branchCoverage="0" crapScore="0" isConstructor="false" isStatic="false" isGetter="false" isSetter="false">
              <Summary numSequencePoints="4" visitedSequencePoints="0" numBranchPoints="0" visitedBranchPoints="0" sequenceCoverage="0.0" branchCoverage="0" maxCyclomaticComplexity="0" minCyclomaticComplexity="0" maxCrapScore="0" minCrapScore="0" visitedClasses="0" numClasses="0" visitedMethods="0" numMethods="1" />
              <MetadataToken>100663357</MetadataToken>
              <Name>T MythsAndHorrors.GameView.JsonService::CreateDataFromResources[T](System.String)</Name>
              <FileRef uid="10" />
              <SequencePoints>
                <SequencePoint vc="0" uspid="359" ordinal="0" offset="0" sl="16" sc="0" el="16" ec="0" bec="0" bev="0" fileid="10" />
                <SequencePoint vc="0" uspid="360" ordinal="0" offset="1" sl="17" sc="0" el="17" ec="0" bec="0" bev="0" fileid="10" />
                <SequencePoint vc="0" uspid="361" ordinal="0" offset="8" sl="18" sc="0" el="18" ec="0" bec="0" bev="0" fileid="10" />
                <SequencePoint vc="0" uspid="362" ordinal="0" offset="22" sl="19" sc="0" el="19" ec="0" bec="0" bev="0" fileid="10" />
              </SequencePoints>
              <BranchPoints />
            </Method>
            <Method visited="false" cyclomaticComplexity="0" nPathComplexity="0" sequenceCoverage="0.0" branchCoverage="0" crapScore="0" isConstructor="false" isStatic="false" isGetter="false" isSetter="false">
              <Summary numSequencePoints="4" visitedSequencePoints="0" numBranchPoints="0" visitedBranchPoints="0" sequenceCoverage="0.0" branchCoverage="0" maxCyclomaticComplexity="0" minCyclomaticComplexity="0" maxCrapScore="0" minCrapScore="0" visitedClasses="0" numClasses="0" visitedMethods="0" numMethods="1" />
              <MetadataToken>100663358</MetadataToken>
              <Name>T MythsAndHorrors.GameView.JsonService::CreateDataFromFile[T](System.String)</Name>
              <FileRef uid="10" />
              <SequencePoints>
                <SequencePoint vc="0" uspid="363" ordinal="0" offset="0" sl="22" sc="0" el="22" ec="0" bec="0" bev="0" fileid="10" />
                <SequencePoint vc="0" uspid="364" ordinal="0" offset="1" sl="23" sc="0" el="23" ec="0" bec="0" bev="0" fileid="10" />
                <SequencePoint vc="0" uspid="365" ordinal="0" offset="8" sl="24" sc="0" el="24" ec="0" bec="0" bev="0" fileid="10" />
                <SequencePoint vc="0" uspid="366" ordinal="0" offset="17" sl="25" sc="0" el="25" ec="0" bec="0" bev="0" fileid="10" />
              </SequencePoints>
              <BranchPoints />
            </Method>
            <Method visited="true" cyclomaticComplexity="0" nPathComplexity="0" sequenceCoverage="100.0" branchCoverage="0" crapScore="0" isConstructor="true" isStatic="false" isGetter="false" isSetter="false">
              <Summary numSequencePoints="1" visitedSequencePoints="1" numBranchPoints="0" visitedBranchPoints="0" sequenceCoverage="100.0" branchCoverage="0" maxCyclomaticComplexity="0" minCyclomaticComplexity="0" maxCrapScore="0" minCrapScore="0" visitedClasses="0" numClasses="0" visitedMethods="1" numMethods="1" />
              <MetadataToken>100663362</MetadataToken>
              <Name>MythsAndHorrors.GameView.JsonService::JsonService()</Name>
              <FileRef uid="10" />
              <SequencePoints>
                <SequencePoint vc="1" uspid="379" ordinal="0" offset="0" sl="9" sc="9" el="9" ec="9" bec="0" bev="0" fileid="10" />
              </SequencePoints>
              <BranchPoints />
            </Method>
          </Methods>
        </Class>
        <Class>
          <Summary numSequencePoints="7" visitedSequencePoints="7" numBranchPoints="0" visitedBranchPoints="0" sequenceCoverage="100.0" branchCoverage="0.0" maxCyclomaticComplexity="0" minCyclomaticComplexity="0" maxCrapScore="0" minCrapScore="0" visitedClasses="1" numClasses="1" visitedMethods="3" numMethods="3" />
          <FullName>MythsAndHorrors.GameView.CardView</FullName>
          <Methods>
            <Method visited="true" cyclomaticComplexity="0" nPathComplexity="0" sequenceCoverage="100.0" branchCoverage="0" crapScore="0" isConstructor="false" isStatic="false" isGetter="true" isSetter="false">
              <Summary numSequencePoints="1" visitedSequencePoints="1" numBranchPoints="0" visitedBranchPoints="0" sequenceCoverage="100.0" branchCoverage="0" maxCyclomaticComplexity="0" minCyclomaticComplexity="0" maxCrapScore="0" minCrapScore="0" visitedClasses="0" numClasses="0" visitedMethods="1" numMethods="1" />
              <MetadataToken>100663369</MetadataToken>
              <Name>MythsAndHorrors.GameRules.Card MythsAndHorrors.GameView.CardView::get_Card()</Name>
              <FileRef uid="12" />
              <SequencePoints>
                <SequencePoint vc="3" uspid="390" ordinal="0" offset="0" sl="14" sc="28" el="14" ec="28" bec="0" bev="0" fileid="12" />
              </SequencePoints>
              <BranchPoints />
            </Method>
            <Method visited="true" cyclomaticComplexity="0" nPathComplexity="0" sequenceCoverage="100.0" branchCoverage="0" crapScore="0" isConstructor="false" isStatic="false" isGetter="false" isSetter="true">
              <Summary numSequencePoints="1" visitedSequencePoints="1" numBranchPoints="0" visitedBranchPoints="0" sequenceCoverage="100.0" branchCoverage="0" maxCyclomaticComplexity="0" minCyclomaticComplexity="0" maxCrapScore="0" minCrapScore="0" visitedClasses="0" numClasses="0" visitedMethods="1" numMethods="1" />
              <MetadataToken>100663370</MetadataToken>
              <Name>System.Void MythsAndHorrors.GameView.CardView::set_Card(MythsAndHorrors.GameRules.Card)</Name>
              <FileRef uid="12" />
              <SequencePoints>
                <SequencePoint vc="2" uspid="391" ordinal="0" offset="0" sl="14" sc="33" el="14" ec="33" bec="0" bev="0" fileid="12" />
              </SequencePoints>
              <BranchPoints />
            </Method>
            <Method visited="true" cyclomaticComplexity="0" nPathComplexity="0" sequenceCoverage="100.0" branchCoverage="0" crapScore="0" isConstructor="false" isStatic="false" isGetter="false" isSetter="false">
              <Summary numSequencePoints="5" visitedSequencePoints="5" numBranchPoints="0" visitedBranchPoints="0" sequenceCoverage="100.0" branchCoverage="0" maxCyclomaticComplexity="0" minCyclomaticComplexity="0" maxCrapScore="0" minCrapScore="0" visitedClasses="0" numClasses="0" visitedMethods="1" numMethods="1" />
              <MetadataToken>100663371</MetadataToken>
              <Name>System.Void MythsAndHorrors.GameView.CardView::Init(MythsAndHorrors.GameRules.Card)</Name>
              <FileRef uid="12" />
              <SequencePoints>
                <SequencePoint vc="2" uspid="392" ordinal="0" offset="0" sl="20" sc="9" el="20" ec="9" bec="0" bev="0" fileid="12" />
                <SequencePoint vc="2" uspid="393" ordinal="0" offset="1" sl="21" sc="13" el="21" ec="13" bec="0" bev="0" fileid="12" />
                <SequencePoint vc="2" uspid="394" ordinal="0" offset="9" sl="22" sc="13" el="22" ec="13" bec="0" bev="0" fileid="12" />
                <SequencePoint vc="2" uspid="395" ordinal="0" offset="27" sl="23" sc="13" el="23" ec="13" bec="0" bev="0" fileid="12" />
                <SequencePoint vc="2" uspid="396" ordinal="0" offset="50" sl="24" sc="9" el="24" ec="9" bec="0" bev="0" fileid="12" />
              </SequencePoints>
              <BranchPoints />
            </Method>
          </Methods>
        </Class>
        <Class>
          <Summary numSequencePoints="7" visitedSequencePoints="4" numBranchPoints="0" visitedBranchPoints="0" sequenceCoverage="57.14" branchCoverage="0.0" maxCyclomaticComplexity="0" minCyclomaticComplexity="0" maxCrapScore="0" minCrapScore="0" visitedClasses="1" numClasses="1" visitedMethods="1" numMethods="1" />
          <FullName>MythsAndHorrors.GameView.LoaderComponent/&lt;Start&gt;d__2</FullName>
          <Methods>
            <Method visited="true" cyclomaticComplexity="0" nPathComplexity="0" sequenceCoverage="57.14" branchCoverage="0" crapScore="0" isConstructor="false" isStatic="false" isGetter="false" isSetter="false">
              <Summary numSequencePoints="7" visitedSequencePoints="4" numBranchPoints="0" visitedBranchPoints="0" sequenceCoverage="57.14" branchCoverage="0" maxCyclomaticComplexity="0" minCyclomaticComplexity="0" maxCrapScore="0" minCrapScore="0" visitedClasses="0" numClasses="0" visitedMethods="1" numMethods="1" />
              <MetadataToken>100663394</MetadataToken>
              <Name>System.Void MythsAndHorrors.GameView.LoaderComponent/&lt;Start&gt;d__2::MoveNext()</Name>
              <FileRef uid="19" />
              <SequencePoints>
                <SequencePoint vc="1" uspid="448" ordinal="0" offset="14" sl="13" sc="9" el="13" ec="9" bec="0" bev="0" fileid="19" />
                <SequencePoint vc="1" uspid="449" ordinal="0" offset="15" sl="14" sc="13" el="14" ec="13" bec="0" bev="0" fileid="19" />
                <SequencePoint vc="1" uspid="450" ordinal="0" offset="33" sl="14" sc="33" el="14" ec="33" bec="0" bev="0" fileid="19" />
                <SequencePoint vc="0" uspid="451" ordinal="0" offset="38" sl="15" sc="13" el="15" ec="13" bec="0" bev="0" fileid="19" />
                <SequencePoint vc="0" uspid="452" ordinal="0" offset="78" sl="15" sc="13" el="15" ec="13" bec="0" bev="0" fileid="19" />
                <SequencePoint vc="0" uspid="453" ordinal="0" offset="105" sl="15" sc="13" el="15" ec="13" bec="0" bev="0" fileid="19" />
                <SequencePoint vc="1" uspid="454" ordinal="0" offset="169" sl="16" sc="9" el="16" ec="9" bec="0" bev="0" fileid="19" />
              </SequencePoints>
              <BranchPoints />
            </Method>
          </Methods>
        </Class>
        <Class>
          <Summary numSequencePoints="3" visitedSequencePoints="3" numBranchPoints="0" visitedBranchPoints="0" sequenceCoverage="100.0" branchCoverage="0.0" maxCyclomaticComplexity="0" minCyclomaticComplexity="0" maxCrapScore="0" minCrapScore="0" visitedClasses="1" numClasses="1" visitedMethods="3" numMethods="3" />
          <FullName>MythsAndHorrors.GameView.InjectionService/&lt;&gt;c</FullName>
          <Methods>
            <Method visited="true" cyclomaticComplexity="0" nPathComplexity="0" sequenceCoverage="100.0" branchCoverage="0" crapScore="0" isConstructor="false" isStatic="false" isGetter="false" isSetter="false">
              <Summary numSequencePoints="1" visitedSequencePoints="1" numBranchPoints="0" visitedBranchPoints="0" sequenceCoverage="100.0" branchCoverage="0" maxCyclomaticComplexity="0" minCyclomaticComplexity="0" maxCrapScore="0" minCrapScore="0" visitedClasses="0" numClasses="0" visitedMethods="1" numMethods="1" />
              <MetadataToken>100663423</MetadataToken>
              <Name>System.Void MythsAndHorrors.GameView.InjectionService/&lt;&gt;c::&lt;InstallView&gt;b__1_3(Zenject.ConventionSelectTypesBinder)</Name>
              <FileRef uid="9" />
              <SequencePoints>
                <SequencePoint vc="1" uspid="486" ordinal="0" offset="0" sl="30" sc="33" el="30" ec="33" bec="0" bev="0" fileid="9" />
              </SequencePoints>
              <BranchPoints />
            </Method>
            <Method visited="true" cyclomaticComplexity="0" nPathComplexity="0" sequenceCoverage="100.0" branchCoverage="0" crapScore="0" isConstructor="false" isStatic="false" isGetter="false" isSetter="false">
              <Summary numSequencePoints="1" visitedSequencePoints="1" numBranchPoints="0" visitedBranchPoints="0" sequenceCoverage="100.0" branchCoverage="0" maxCyclomaticComplexity="0" minCyclomaticComplexity="0" maxCrapScore="0" minCrapScore="0" visitedClasses="0" numClasses="0" visitedMethods="1" numMethods="1" />
              <MetadataToken>100663424</MetadataToken>
              <Name>System.Void MythsAndHorrors.GameView.InjectionService/&lt;&gt;c::&lt;InstallRules&gt;b__2_2(Zenject.ConventionSelectTypesBinder)</Name>
              <FileRef uid="9" />
              <SequencePoints>
                <SequencePoint vc="1" uspid="487" ordinal="0" offset="0" sl="50" sc="33" el="50" ec="33" bec="0" bev="0" fileid="9" />
              </SequencePoints>
              <BranchPoints />
            </Method>
            <Method visited="true" cyclomaticComplexity="0" nPathComplexity="0" sequenceCoverage="100.0" branchCoverage="0" crapScore="0" isConstructor="false" isStatic="false" isGetter="false" isSetter="false">
              <Summary numSequencePoints="1" visitedSequencePoints="1" numBranchPoints="0" visitedBranchPoints="0" sequenceCoverage="100.0" branchCoverage="0" maxCyclomaticComplexity="0" minCyclomaticComplexity="0" maxCrapScore="0" minCrapScore="0" visitedClasses="0" numClasses="0" visitedMethods="1" numMethods="1" />
              <MetadataToken>100663425</MetadataToken>
              <Name>System.Void MythsAndHorrors.GameView.InjectionService/&lt;&gt;c::&lt;InstallRules&gt;b__2_5(Zenject.ConventionSelectTypesBinder)</Name>
              <FileRef uid="9" />
              <SequencePoints>
                <SequencePoint vc="1" uspid="488" ordinal="0" offset="0" sl="57" sc="33" el="57" ec="33" bec="0" bev="0" fileid="9" />
              </SequencePoints>
              <BranchPoints />
            </Method>
          </Methods>
        </Class>
        <Class>
          <Summary numSequencePoints="5" visitedSequencePoints="5" numBranchPoints="0" visitedBranchPoints="0" sequenceCoverage="100.0" branchCoverage="0.0" maxCyclomaticComplexity="0" minCyclomaticComplexity="0" maxCrapScore="0" minCrapScore="0" visitedClasses="1" numClasses="1" visitedMethods="5" numMethods="5" />
          <FullName>MythsAndHorrors.GameView.InjectionService/&lt;&gt;c__DisplayClass1_0</FullName>
          <Methods>
            <Method visited="true" cyclomaticComplexity="0" nPathComplexity="0" sequenceCoverage="100.0" branchCoverage="0" crapScore="0" isConstructor="false" isStatic="false" isGetter="false" isSetter="false">
              <Summary numSequencePoints="1" visitedSequencePoints="1" numBranchPoints="0" visitedBranchPoints="0" sequenceCoverage="100.0" branchCoverage="0" maxCyclomaticComplexity="0" minCyclomaticComplexity="0" maxCrapScore="0" minCrapScore="0" visitedClasses="0" numClasses="0" visitedMethods="1" numMethods="1" />
              <MetadataToken>100663427</MetadataToken>
              <Name>System.Void MythsAndHorrors.GameView.InjectionService/&lt;&gt;c__DisplayClass1_0::&lt;InstallView&gt;b__0(Zenject.ConventionSelectTypesBinder)</Name>
              <FileRef uid="9" />
              <SequencePoints>
                <SequencePoint vc="1" uspid="489" ordinal="0" offset="0" sl="19" sc="33" el="19" ec="33" bec="0" bev="0" fileid="9" />
              </SequencePoints>
              <BranchPoints />
            </Method>
            <Method visited="true" cyclomaticComplexity="0" nPathComplexity="0" sequenceCoverage="100.0" branchCoverage="0" crapScore="0" isConstructor="false" isStatic="false" isGetter="false" isSetter="false">
              <Summary numSequencePoints="1" visitedSequencePoints="1" numBranchPoints="0" visitedBranchPoints="0" sequenceCoverage="100.0" branchCoverage="0" maxCyclomaticComplexity="0" minCyclomaticComplexity="0" maxCrapScore="0" minCrapScore="0" visitedClasses="0" numClasses="0" visitedMethods="1" numMethods="1" />
              <MetadataToken>100663428</MetadataToken>
              <Name>System.Void MythsAndHorrors.GameView.InjectionService/&lt;&gt;c__DisplayClass1_0::&lt;InstallView&gt;b__1(Zenject.ConventionSelectTypesBinder)</Name>
              <FileRef uid="9" />
              <SequencePoints>
                <SequencePoint vc="1" uspid="490" ordinal="0" offset="0" sl="23" sc="33" el="23" ec="33" bec="0" bev="0" fileid="9" />
              </SequencePoints>
              <BranchPoints />
            </Method>
            <Method visited="true" cyclomaticComplexity="0" nPathComplexity="0" sequenceCoverage="100.0" branchCoverage="0" crapScore="0" isConstructor="false" isStatic="false" isGetter="false" isSetter="false">
              <Summary numSequencePoints="1" visitedSequencePoints="1" numBranchPoints="0" visitedBranchPoints="0" sequenceCoverage="100.0" branchCoverage="0" maxCyclomaticComplexity="0" minCyclomaticComplexity="0" maxCrapScore="0" minCrapScore="0" visitedClasses="0" numClasses="0" visitedMethods="1" numMethods="1" />
              <MetadataToken>100663429</MetadataToken>
              <Name>System.Void MythsAndHorrors.GameView.InjectionService/&lt;&gt;c__DisplayClass1_0::&lt;InstallView&gt;b__2(Zenject.ConventionSelectTypesBinder)</Name>
              <FileRef uid="9" />
              <SequencePoints>
                <SequencePoint vc="1" uspid="491" ordinal="0" offset="0" sl="27" sc="33" el="27" ec="33" bec="0" bev="0" fileid="9" />
              </SequencePoints>
              <BranchPoints />
            </Method>
            <Method visited="true" cyclomaticComplexity="0" nPathComplexity="0" sequenceCoverage="100.0" branchCoverage="0" crapScore="0" isConstructor="false" isStatic="false" isGetter="false" isSetter="false">
              <Summary numSequencePoints="1" visitedSequencePoints="1" numBranchPoints="0" visitedBranchPoints="0" sequenceCoverage="100.0" branchCoverage="0" maxCyclomaticComplexity="0" minCyclomaticComplexity="0" maxCrapScore="0" minCrapScore="0" visitedClasses="0" numClasses="0" visitedMethods="1" numMethods="1" />
              <MetadataToken>100663430</MetadataToken>
              <Name>System.Void MythsAndHorrors.GameView.InjectionService/&lt;&gt;c__DisplayClass1_0::&lt;InstallView&gt;b__4(Zenject.ConventionSelectTypesBinder)</Name>
              <FileRef uid="9" />
              <SequencePoints>
                <SequencePoint vc="1" uspid="492" ordinal="0" offset="0" sl="30" sc="60" el="30" ec="60" bec="0" bev="0" fileid="9" />
              </SequencePoints>
              <BranchPoints />
            </Method>
            <Method visited="true" cyclomaticComplexity="0" nPathComplexity="0" sequenceCoverage="100.0" branchCoverage="0" crapScore="0" isConstructor="false" isStatic="false" isGetter="false" isSetter="false">
              <Summary numSequencePoints="1" visitedSequencePoints="1" numBranchPoints="0" visitedBranchPoints="0" sequenceCoverage="100.0" branchCoverage="0" maxCyclomaticComplexity="0" minCyclomaticComplexity="0" maxCrapScore="0" minCrapScore="0" visitedClasses="0" numClasses="0" visitedMethods="1" numMethods="1" />
              <MetadataToken>100663431</MetadataToken>
              <Name>System.Void MythsAndHorrors.GameView.InjectionService/&lt;&gt;c__DisplayClass1_0::&lt;InstallView&gt;b__5(Zenject.ConventionSelectTypesBinder)</Name>
              <FileRef uid="9" />
              <SequencePoints>
                <SequencePoint vc="1" uspid="493" ordinal="0" offset="0" sl="34" sc="33" el="34" ec="33" bec="0" bev="0" fileid="9" />
              </SequencePoints>
              <BranchPoints />
            </Method>
          </Methods>
        </Class>
        <Class>
          <Summary numSequencePoints="6" visitedSequencePoints="6" numBranchPoints="0" visitedBranchPoints="0" sequenceCoverage="100.0" branchCoverage="0.0" maxCyclomaticComplexity="0" minCyclomaticComplexity="0" maxCrapScore="0" minCrapScore="0" visitedClasses="1" numClasses="1" visitedMethods="6" numMethods="6" />
          <FullName>MythsAndHorrors.GameView.InjectionService/&lt;&gt;c__DisplayClass2_0</FullName>
          <Methods>
            <Method visited="true" cyclomaticComplexity="0" nPathComplexity="0" sequenceCoverage="100.0" branchCoverage="0" crapScore="0" isConstructor="false" isStatic="false" isGetter="false" isSetter="false">
              <Summary numSequencePoints="1" visitedSequencePoints="1" numBranchPoints="0" visitedBranchPoints="0" sequenceCoverage="100.0" branchCoverage="0" maxCyclomaticComplexity="0" minCyclomaticComplexity="0" maxCrapScore="0" minCrapScore="0" visitedClasses="0" numClasses="0" visitedMethods="1" numMethods="1" />
              <MetadataToken>100663433</MetadataToken>
              <Name>System.Void MythsAndHorrors.GameView.InjectionService/&lt;&gt;c__DisplayClass2_0::&lt;InstallRules&gt;b__0(Zenject.ConventionSelectTypesBinder)</Name>
              <FileRef uid="9" />
              <SequencePoints>
                <SequencePoint vc="1" uspid="494" ordinal="0" offset="0" sl="43" sc="33" el="43" ec="33" bec="0" bev="0" fileid="9" />
              </SequencePoints>
              <BranchPoints />
            </Method>
            <Method visited="true" cyclomaticComplexity="0" nPathComplexity="0" sequenceCoverage="100.0" branchCoverage="0" crapScore="0" isConstructor="false" isStatic="false" isGetter="false" isSetter="false">
              <Summary numSequencePoints="1" visitedSequencePoints="1" numBranchPoints="0" visitedBranchPoints="0" sequenceCoverage="100.0" branchCoverage="0" maxCyclomaticComplexity="0" minCyclomaticComplexity="0" maxCrapScore="0" minCrapScore="0" visitedClasses="0" numClasses="0" visitedMethods="1" numMethods="1" />
              <MetadataToken>100663434</MetadataToken>
              <Name>System.Void MythsAndHorrors.GameView.InjectionService/&lt;&gt;c__DisplayClass2_0::&lt;InstallRules&gt;b__1(Zenject.ConventionSelectTypesBinder)</Name>
              <FileRef uid="9" />
              <SequencePoints>
                <SequencePoint vc="1" uspid="495" ordinal="0" offset="0" sl="47" sc="33" el="47" ec="33" bec="0" bev="0" fileid="9" />
              </SequencePoints>
              <BranchPoints />
            </Method>
            <Method visited="true" cyclomaticComplexity="0" nPathComplexity="0" sequenceCoverage="100.0" branchCoverage="0" crapScore="0" isConstructor="false" isStatic="false" isGetter="false" isSetter="false">
              <Summary numSequencePoints="1" visitedSequencePoints="1" numBranchPoints="0" visitedBranchPoints="0" sequenceCoverage="100.0" branchCoverage="0" maxCyclomaticComplexity="0" minCyclomaticComplexity="0" maxCrapScore="0" minCrapScore="0" visitedClasses="0" numClasses="0" visitedMethods="1" numMethods="1" />
              <MetadataToken>100663435</MetadataToken>
              <Name>System.Void MythsAndHorrors.GameView.InjectionService/&lt;&gt;c__DisplayClass2_0::&lt;InstallRules&gt;b__3(Zenject.ConventionSelectTypesBinder)</Name>
              <FileRef uid="9" />
              <SequencePoints>
                <SequencePoint vc="1" uspid="496" ordinal="0" offset="0" sl="50" sc="60" el="50" ec="60" bec="0" bev="0" fileid="9" />
              </SequencePoints>
              <BranchPoints />
            </Method>
            <Method visited="true" cyclomaticComplexity="0" nPathComplexity="0" sequenceCoverage="100.0" branchCoverage="0" crapScore="0" isConstructor="false" isStatic="false" isGetter="false" isSetter="false">
              <Summary numSequencePoints="1" visitedSequencePoints="1" numBranchPoints="0" visitedBranchPoints="0" sequenceCoverage="100.0" branchCoverage="0" maxCyclomaticComplexity="0" minCyclomaticComplexity="0" maxCrapScore="0" minCrapScore="0" visitedClasses="0" numClasses="0" visitedMethods="1" numMethods="1" />
              <MetadataToken>100663436</MetadataToken>
              <Name>System.Void MythsAndHorrors.GameView.InjectionService/&lt;&gt;c__DisplayClass2_0::&lt;InstallRules&gt;b__4(Zenject.ConventionSelectTypesBinder)</Name>
              <FileRef uid="9" />
              <SequencePoints>
                <SequencePoint vc="1" uspid="497" ordinal="0" offset="0" sl="54" sc="33" el="54" ec="33" bec="0" bev="0" fileid="9" />
              </SequencePoints>
              <BranchPoints />
            </Method>
            <Method visited="true" cyclomaticComplexity="0" nPathComplexity="0" sequenceCoverage="100.0" branchCoverage="0" crapScore="0" isConstructor="false" isStatic="false" isGetter="false" isSetter="false">
              <Summary numSequencePoints="1" visitedSequencePoints="1" numBranchPoints="0" visitedBranchPoints="0" sequenceCoverage="100.0" branchCoverage="0" maxCyclomaticComplexity="0" minCyclomaticComplexity="0" maxCrapScore="0" minCrapScore="0" visitedClasses="0" numClasses="0" visitedMethods="1" numMethods="1" />
              <MetadataToken>100663437</MetadataToken>
              <Name>System.Void MythsAndHorrors.GameView.InjectionService/&lt;&gt;c__DisplayClass2_0::&lt;InstallRules&gt;b__6(Zenject.ConventionSelectTypesBinder)</Name>
              <FileRef uid="9" />
              <SequencePoints>
                <SequencePoint vc="1" uspid="498" ordinal="0" offset="0" sl="57" sc="60" el="57" ec="60" bec="0" bev="0" fileid="9" />
              </SequencePoints>
              <BranchPoints />
            </Method>
            <Method visited="true" cyclomaticComplexity="0" nPathComplexity="0" sequenceCoverage="100.0" branchCoverage="0" crapScore="0" isConstructor="false" isStatic="false" isGetter="false" isSetter="false">
              <Summary numSequencePoints="1" visitedSequencePoints="1" numBranchPoints="0" visitedBranchPoints="0" sequenceCoverage="100.0" branchCoverage="0" maxCyclomaticComplexity="0" minCyclomaticComplexity="0" maxCrapScore="0" minCrapScore="0" visitedClasses="0" numClasses="0" visitedMethods="1" numMethods="1" />
              <MetadataToken>100663438</MetadataToken>
              <Name>System.Void MythsAndHorrors.GameView.InjectionService/&lt;&gt;c__DisplayClass2_0::&lt;InstallRules&gt;b__7(Zenject.ConventionSelectTypesBinder)</Name>
              <FileRef uid="9" />
              <SequencePoints>
                <SequencePoint vc="1" uspid="499" ordinal="0" offset="0" sl="61" sc="33" el="61" ec="33" bec="0" bev="0" fileid="9" />
              </SequencePoints>
              <BranchPoints />
            </Method>
          </Methods>
        </Class>
      </Classes>
    </Module>
  </Modules>
</CoverageSession>