<?xml version="1.0" encoding="utf-8"?>
<CoverageSession xmlns:xsd="http://www.w3.org/2001/XMLSchema" xmlns:xsi="http://www.w3.org/2001/XMLSchema-instance" Version="0.0.0.0">
  <Summary numSequencePoints="392" visitedSequencePoints="362" numBranchPoints="0" visitedBranchPoints="0" sequenceCoverage="92.35" branchCoverage="0.0" maxCyclomaticComplexity="10" minCyclomaticComplexity="1" maxCrapScore="12" minCrapScore="1" visitedClasses="44" numClasses="49" visitedMethods="195" numMethods="205" />
  <Modules>
    <Module>
      <Summary numSequencePoints="128" visitedSequencePoints="118" numBranchPoints="0" visitedBranchPoints="0" sequenceCoverage="92.19" branchCoverage="0.0" maxCyclomaticComplexity="10" minCyclomaticComplexity="1" maxCrapScore="10" minCrapScore="1" visitedClasses="17" numClasses="18" visitedMethods="47" numMethods="51" />
      <ModuleTime>0001-01-01T00:00:00</ModuleTime>
      <ModuleName>GameView</ModuleName>
      <Files>
        <File uid="1" fullPath="D:/REPOS/UNITY/MythosAndHorrors/Assets/SRC/GameView/Abstractions/IPlayable.cs" />
        <File uid="2" fullPath="D:/REPOS/UNITY/MythosAndHorrors/Assets/SRC/GameView/Components/CardShowerComponent.cs" />
        <File uid="3" fullPath="D:/REPOS/UNITY/MythosAndHorrors/Assets/SRC/GameView/Components/CardViewGeneratorComponent.cs" />
        <File uid="4" fullPath="D:/REPOS/UNITY/MythosAndHorrors/Assets/SRC/GameView/Components/Handlers/ActivatePlayablesHandler.cs" />
        <File uid="5" fullPath="D:/REPOS/UNITY/MythosAndHorrors/Assets/SRC/GameView/Components/Handlers/ClickHandler.cs" />
        <File uid="6" fullPath="D:/REPOS/UNITY/MythosAndHorrors/Assets/SRC/GameView/Components/Handlers/MultiEffectHandler.cs" />
        <File uid="7" fullPath="D:/REPOS/UNITY/MythosAndHorrors/Assets/SRC/GameView/Components/Handlers/SwapInvestigatorHandler.cs" />
        <File uid="8" fullPath="D:/REPOS/UNITY/MythosAndHorrors/Assets/SRC/GameView/Components/InitializerComponent.cs" />
        <File uid="9" fullPath="D:/REPOS/UNITY/MythosAndHorrors/Assets/SRC/GameView/Components/InjectionComponent.cs" />
        <File uid="10" fullPath="D:/REPOS/UNITY/MythosAndHorrors/Assets/SRC/GameView/Components/IOActivatorComponent.cs" />
        <File uid="11" fullPath="D:/REPOS/UNITY/MythosAndHorrors/Assets/SRC/GameView/Components/MainButtonComponent.cs" />
        <File uid="12" fullPath="D:/REPOS/UNITY/MythosAndHorrors/Assets/SRC/GameView/Components/PhaseComponent.cs" />
        <File uid="13" fullPath="D:/REPOS/UNITY/MythosAndHorrors/Assets/SRC/GameView/Components/SelectorBlockController.cs" />
        <File uid="14" fullPath="D:/REPOS/UNITY/MythosAndHorrors/Assets/SRC/GameView/Components/ShowHistoryComponent.cs" />
        <File uid="15" fullPath="D:/REPOS/UNITY/MythosAndHorrors/Assets/SRC/GameView/Components/ShowSelectorComponent.cs" />
        <File uid="16" fullPath="D:/REPOS/UNITY/MythosAndHorrors/Assets/SRC/GameView/Components/SwapInvestigatorComponent.cs" />
        <File uid="17" fullPath="D:/REPOS/UNITY/MythosAndHorrors/Assets/SRC/GameView/Components/TokensPileComponent.cs" />
        <File uid="18" fullPath="D:/REPOS/UNITY/MythosAndHorrors/Assets/SRC/GameView/Configs/DataSave.cs" />
        <File uid="19" fullPath="D:/REPOS/UNITY/MythosAndHorrors/Assets/SRC/GameView/Configs/FilesPath.cs" />
        <File uid="20" fullPath="D:/REPOS/UNITY/MythosAndHorrors/Assets/SRC/GameView/Configs/ViewText.cs" />
        <File uid="21" fullPath="D:/REPOS/UNITY/MythosAndHorrors/Assets/SRC/GameView/Configs/ViewValues.cs" />
        <File uid="22" fullPath="D:/REPOS/UNITY/MythosAndHorrors/Assets/SRC/GameView/Helpers/DotweenExtension.cs" />
        <File uid="23" fullPath="D:/REPOS/UNITY/MythosAndHorrors/Assets/SRC/GameView/Helpers/ImageExtension.cs" />
        <File uid="24" fullPath="D:/REPOS/UNITY/MythosAndHorrors/Assets/SRC/GameView/Helpers/TransformExtension.cs" />
        <File uid="25" fullPath="D:/REPOS/UNITY/MythosAndHorrors/Assets/SRC/GameView/Managers/AreaInvestigatorViewsManager.cs" />
        <File uid="26" fullPath="D:/REPOS/UNITY/MythosAndHorrors/Assets/SRC/GameView/Managers/AvatarViewsManager.cs" />
        <File uid="27" fullPath="D:/REPOS/UNITY/MythosAndHorrors/Assets/SRC/GameView/Managers/CardViewsManager.cs" />
        <File uid="28" fullPath="D:/REPOS/UNITY/MythosAndHorrors/Assets/SRC/GameView/Managers/StatableManager.cs" />
        <File uid="29" fullPath="D:/REPOS/UNITY/MythosAndHorrors/Assets/SRC/GameView/Managers/TextsManager.cs" />
        <File uid="30" fullPath="D:/REPOS/UNITY/MythosAndHorrors/Assets/SRC/GameView/Managers/ZoneViewsManager.cs" />
        <File uid="31" fullPath="D:/REPOS/UNITY/MythosAndHorrors/Assets/SRC/GameView/Presenters/ContinuousPresenter.cs" />
        <File uid="32" fullPath="D:/REPOS/UNITY/MythosAndHorrors/Assets/SRC/GameView/Presenters/InteractablePresenter.cs" />
        <File uid="33" fullPath="D:/REPOS/UNITY/MythosAndHorrors/Assets/SRC/GameView/Presenters/PhaseChangePresenter.cs" />
        <File uid="34" fullPath="D:/REPOS/UNITY/MythosAndHorrors/Assets/SRC/GameView/Presenters/StatUpdatePresenter.cs" />
        <File uid="35" fullPath="D:/REPOS/UNITY/MythosAndHorrors/Assets/SRC/GameView/Services/Converters/CardConverter.cs" />
        <File uid="36" fullPath="D:/REPOS/UNITY/MythosAndHorrors/Assets/SRC/GameView/Services/InjectionService.cs" />
        <File uid="37" fullPath="D:/REPOS/UNITY/MythosAndHorrors/Assets/SRC/GameView/Services/JsonService.cs" />
        <File uid="38" fullPath="D:/REPOS/UNITY/MythosAndHorrors/Assets/SRC/GameView/UseCases/Loaders/CardLoaderUseCase.cs" />
        <File uid="39" fullPath="D:/REPOS/UNITY/MythosAndHorrors/Assets/SRC/GameView/UseCases/Loaders/ChapterInfoLoaderUseCase.cs" />
        <File uid="40" fullPath="D:/REPOS/UNITY/MythosAndHorrors/Assets/SRC/GameView/UseCases/Loaders/DataSaveLoaderUseCase.cs" />
        <File uid="41" fullPath="D:/REPOS/UNITY/MythosAndHorrors/Assets/SRC/GameView/UseCases/Loaders/InvestigatorLoaderUseCase.cs" />
        <File uid="42" fullPath="D:/REPOS/UNITY/MythosAndHorrors/Assets/SRC/GameView/UseCases/Loaders/SceneLoaderUseCase.cs" />
        <File uid="43" fullPath="D:/REPOS/UNITY/MythosAndHorrors/Assets/SRC/GameView/UseCases/Loaders/TextsLoaderUseCase.cs" />
        <File uid="44" fullPath="D:/REPOS/UNITY/MythosAndHorrors/Assets/SRC/GameView/UseCases/Loaders/ZoneLoaderUseCase.cs" />
        <File uid="45" fullPath="D:/REPOS/UNITY/MythosAndHorrors/Assets/SRC/GameView/UseCases/PrepareGameUseCase.cs" />
        <File uid="46" fullPath="D:/REPOS/UNITY/MythosAndHorrors/Assets/SRC/GameView/UseCases/SaveGameUseCase.cs" />
        <File uid="47" fullPath="D:/REPOS/UNITY/MythosAndHorrors/Assets/SRC/GameView/Views/Areas/AreaInvestigatorView.cs" />
        <File uid="48" fullPath="D:/REPOS/UNITY/MythosAndHorrors/Assets/SRC/GameView/Views/Areas/AreaPlacesView.cs" />
        <File uid="49" fullPath="D:/REPOS/UNITY/MythosAndHorrors/Assets/SRC/GameView/Views/Areas/AreaSceneView.cs" />
        <File uid="50" fullPath="D:/REPOS/UNITY/MythosAndHorrors/Assets/SRC/GameView/Views/Avatars/AvatarView.cs" />
        <File uid="51" fullPath="D:/REPOS/UNITY/MythosAndHorrors/Assets/SRC/GameView/Views/Avatars/Elements/TurnController.cs" />
        <File uid="52" fullPath="D:/REPOS/UNITY/MythosAndHorrors/Assets/SRC/GameView/Views/Cards/CardView.cs" />
        <File uid="53" fullPath="D:/REPOS/UNITY/MythosAndHorrors/Assets/SRC/GameView/Views/Cards/CloneComponent.cs" />
        <File uid="54" fullPath="D:/REPOS/UNITY/MythosAndHorrors/Assets/SRC/GameView/Views/Cards/Elements/CardSensorController.cs" />
        <File uid="55" fullPath="D:/REPOS/UNITY/MythosAndHorrors/Assets/SRC/GameView/Views/Cards/Elements/EffectController.cs" />
        <File uid="56" fullPath="D:/REPOS/UNITY/MythosAndHorrors/Assets/SRC/GameView/Views/Cards/Elements/EffectView.cs" />
        <File uid="57" fullPath="D:/REPOS/UNITY/MythosAndHorrors/Assets/SRC/GameView/Views/Cards/Elements/GlowController.cs" />
        <File uid="58" fullPath="D:/REPOS/UNITY/MythosAndHorrors/Assets/SRC/GameView/Views/Cards/Elements/RotatorController.cs" />
        <File uid="59" fullPath="D:/REPOS/UNITY/MythosAndHorrors/Assets/SRC/GameView/Views/Cards/Elements/SkillIconsController.cs" />
        <File uid="60" fullPath="D:/REPOS/UNITY/MythosAndHorrors/Assets/SRC/GameView/Views/Cards/Elements/SkillIconView.cs" />
        <File uid="61" fullPath="D:/REPOS/UNITY/MythosAndHorrors/Assets/SRC/GameView/Views/Cards/Elements/SlotController.cs" />
        <File uid="62" fullPath="D:/REPOS/UNITY/MythosAndHorrors/Assets/SRC/GameView/Views/Cards/Type/AdversityCardView.cs" />
        <File uid="63" fullPath="D:/REPOS/UNITY/MythosAndHorrors/Assets/SRC/GameView/Views/Cards/Type/AvatarCardView.cs" />
        <File uid="64" fullPath="D:/REPOS/UNITY/MythosAndHorrors/Assets/SRC/GameView/Views/Cards/Type/CreatureCardView.cs" />
        <File uid="65" fullPath="D:/REPOS/UNITY/MythosAndHorrors/Assets/SRC/GameView/Views/Cards/Type/DeckCardView.cs" />
        <File uid="66" fullPath="D:/REPOS/UNITY/MythosAndHorrors/Assets/SRC/GameView/Views/Cards/Type/GoalCardView.cs" />
        <File uid="67" fullPath="D:/REPOS/UNITY/MythosAndHorrors/Assets/SRC/GameView/Views/Cards/Type/InvestigatorCardView.cs" />
        <File uid="68" fullPath="D:/REPOS/UNITY/MythosAndHorrors/Assets/SRC/GameView/Views/Cards/Type/PlaceCardView.cs" />
        <File uid="69" fullPath="D:/REPOS/UNITY/MythosAndHorrors/Assets/SRC/GameView/Views/Cards/Type/PlotCardView.cs" />
        <File uid="70" fullPath="D:/REPOS/UNITY/MythosAndHorrors/Assets/SRC/GameView/Views/Cards/Type/SceneCardView.cs" />
        <File uid="71" fullPath="D:/REPOS/UNITY/MythosAndHorrors/Assets/SRC/GameView/Views/Icons/ShowAllCardsIconView.cs" />
        <File uid="72" fullPath="D:/REPOS/UNITY/MythosAndHorrors/Assets/SRC/GameView/Views/Phases/PhaseView.cs" />
        <File uid="73" fullPath="D:/REPOS/UNITY/MythosAndHorrors/Assets/SRC/GameView/Views/Stats/StatUIView.cs" />
        <File uid="74" fullPath="D:/REPOS/UNITY/MythosAndHorrors/Assets/SRC/GameView/Views/Stats/StatView.cs" />
        <File uid="75" fullPath="D:/REPOS/UNITY/MythosAndHorrors/Assets/SRC/GameView/Views/Tokens/Elements/TokenController.cs" />
        <File uid="76" fullPath="D:/REPOS/UNITY/MythosAndHorrors/Assets/SRC/GameView/Views/Tokens/TokenView.cs" />
        <File uid="77" fullPath="D:/REPOS/UNITY/MythosAndHorrors/Assets/SRC/GameView/Views/Zones/Elements/InvisibleHolder.cs" />
        <File uid="78" fullPath="D:/REPOS/UNITY/MythosAndHorrors/Assets/SRC/GameView/Views/Zones/Elements/InvisibleHolderController.cs" />
        <File uid="79" fullPath="D:/REPOS/UNITY/MythosAndHorrors/Assets/SRC/GameView/Views/Zones/ShowSelectorZoneView.cs" />
        <File uid="80" fullPath="D:/REPOS/UNITY/MythosAndHorrors/Assets/SRC/GameView/Views/Zones/ZoneBasicView.cs" />
        <File uid="81" fullPath="D:/REPOS/UNITY/MythosAndHorrors/Assets/SRC/GameView/Views/Zones/ZoneCardView.cs" />
        <File uid="82" fullPath="D:/REPOS/UNITY/MythosAndHorrors/Assets/SRC/GameView/Views/Zones/ZoneCenterView.cs" />
        <File uid="83" fullPath="D:/REPOS/UNITY/MythosAndHorrors/Assets/SRC/GameView/Views/Zones/ZoneDeckView.cs" />
        <File uid="84" fullPath="D:/REPOS/UNITY/MythosAndHorrors/Assets/SRC/GameView/Views/Zones/ZoneDiscardView.cs" />
        <File uid="85" fullPath="D:/REPOS/UNITY/MythosAndHorrors/Assets/SRC/GameView/Views/Zones/ZoneHandView.cs" />
        <File uid="86" fullPath="D:/REPOS/UNITY/MythosAndHorrors/Assets/SRC/GameView/Views/Zones/ZoneOutView.cs" />
        <File uid="87" fullPath="D:/REPOS/UNITY/MythosAndHorrors/Assets/SRC/GameView/Views/Zones/ZoneRowView.cs" />
        <File uid="88" fullPath="D:/REPOS/UNITY/MythosAndHorrors/Assets/SRC/GameView/Views/Zones/ZoneView.cs" />
        <File uid="89" fullPath="D:/REPOS/UNITY/MythosAndHorrors/Assets/SRC/GameView/Components/Handlers/MoveCardHandler.cs" />
        <File uid="90" fullPath="D:/REPOS/UNITY/MythosAndHorrors/Assets/SRC/GameView/Helpers/TaskExtension.cs" />
        <File uid="91" fullPath="D:/REPOS/UNITY/MythosAndHorrors/Assets/SRC/GameView/Presenters/CardMoverPresenter.cs" />
        <File uid="92" fullPath="D:/REPOS/UNITY/MythosAndHorrors/Assets/SRC/GameView/Presenters/RevealCardPresenter.cs" />
        <File uid="93" fullPath="D:/REPOS/UNITY/MythosAndHorrors/Assets/SRC/GameView/Presenters/ShowHistoryPresenter.cs" />
        <File uid="94" fullPath="D:/REPOS/UNITY/MythosAndHorrors/Assets/SRC/GameView/Presenters/ShufflePresenter.cs" />
        <File uid="95" fullPath="D:/REPOS/UNITY/MythosAndHorrors/Assets/SRC/GameView/Presenters/StartingAnimationPresenter.cs" />
        <File uid="96" fullPath="D:/REPOS/UNITY/MythosAndHorrors/Assets/SRC/GameView/Presenters/TokenMoverPresenter.cs" />
      </Files>
      <Classes>
        <Class>
          <Summary numSequencePoints="6" visitedSequencePoints="0" numBranchPoints="0" visitedBranchPoints="0" sequenceCoverage="0.0" branchCoverage="0.0" maxCyclomaticComplexity="1" minCyclomaticComplexity="1" maxCrapScore="2" minCrapScore="2" visitedClasses="0" numClasses="1" visitedMethods="0" numMethods="3" />
          <FullName>MythosAndHorrors.GameView.ClickHandler[T]</FullName>
          <Methods>
            <Method visited="false" cyclomaticComplexity="1" nPathComplexity="0" sequenceCoverage="0.0" branchCoverage="0" crapScore="2" isConstructor="false" isStatic="false" isGetter="false" isSetter="false">
              <Summary numSequencePoints="1" visitedSequencePoints="0" numBranchPoints="0" visitedBranchPoints="0" sequenceCoverage="0.0" branchCoverage="0" maxCyclomaticComplexity="1" minCyclomaticComplexity="1" maxCrapScore="2" minCrapScore="2" visitedClasses="0" numClasses="0" visitedMethods="0" numMethods="1" />
              <MetadataToken>100663332</MetadataToken>
              <Name>System.Threading.Tasks.Task[T] MythosAndHorrors.GameView.ClickHandler[T]::WaitingClick()</Name>
              <FileRef uid="5" />
              <SequencePoints>
                <SequencePoint vc="0" uspid="10546" ordinal="0" offset="0" sl="10" sc="0" el="10" ec="0" bec="0" bev="0" fileid="5" />
              </SequencePoints>
              <BranchPoints />
            </Method>
            <Method visited="false" cyclomaticComplexity="1" nPathComplexity="0" sequenceCoverage="0.0" branchCoverage="0" crapScore="2" isConstructor="false" isStatic="false" isGetter="false" isSetter="false">
              <Summary numSequencePoints="4" visitedSequencePoints="0" numBranchPoints="0" visitedBranchPoints="0" sequenceCoverage="0.0" branchCoverage="0" maxCyclomaticComplexity="1" minCyclomaticComplexity="1" maxCrapScore="2" minCrapScore="2" visitedClasses="0" numClasses="0" visitedMethods="0" numMethods="1" />
              <MetadataToken>100663333</MetadataToken>
              <Name>System.Void MythosAndHorrors.GameView.ClickHandler[T]::Clicked(T)</Name>
              <FileRef uid="5" />
              <SequencePoints>
                <SequencePoint vc="0" uspid="10547" ordinal="0" offset="0" sl="13" sc="0" el="13" ec="0" bec="0" bev="0" fileid="5" />
                <SequencePoint vc="0" uspid="10548" ordinal="0" offset="1" sl="14" sc="0" el="14" ec="0" bec="0" bev="0" fileid="5" />
                <SequencePoint vc="0" uspid="10549" ordinal="0" offset="14" sl="15" sc="0" el="15" ec="0" bec="0" bev="0" fileid="5" />
                <SequencePoint vc="0" uspid="10550" ordinal="0" offset="25" sl="16" sc="0" el="16" ec="0" bec="0" bev="0" fileid="5" />
              </SequencePoints>
              <BranchPoints />
            </Method>
            <Method visited="false" cyclomaticComplexity="1" nPathComplexity="0" sequenceCoverage="0.0" branchCoverage="0" crapScore="2" isConstructor="true" isStatic="false" isGetter="false" isSetter="false">
              <Summary numSequencePoints="1" visitedSequencePoints="0" numBranchPoints="0" visitedBranchPoints="0" sequenceCoverage="0.0" branchCoverage="0" maxCyclomaticComplexity="1" minCyclomaticComplexity="1" maxCrapScore="2" minCrapScore="2" visitedClasses="0" numClasses="0" visitedMethods="0" numMethods="1" />
              <MetadataToken>100663334</MetadataToken>
              <Name>MythosAndHorrors.GameView.ClickHandler[T]::ClickHandler()</Name>
              <FileRef uid="5" />
              <SequencePoints>
                <SequencePoint vc="0" uspid="10551" ordinal="0" offset="0" sl="7" sc="0" el="7" ec="0" bec="0" bev="0" fileid="5" />
              </SequencePoints>
              <BranchPoints />
            </Method>
          </Methods>
        </Class>
        <Class>
          <Summary numSequencePoints="1" visitedSequencePoints="1" numBranchPoints="0" visitedBranchPoints="0" sequenceCoverage="100.0" branchCoverage="0.0" maxCyclomaticComplexity="1" minCyclomaticComplexity="1" maxCrapScore="1" minCrapScore="1" visitedClasses="1" numClasses="1" visitedMethods="1" numMethods="1" />
          <FullName>MythosAndHorrors.GameView.InitializerComponent</FullName>
          <Methods>
            <Method visited="true" cyclomaticComplexity="1" nPathComplexity="0" sequenceCoverage="100.0" branchCoverage="0" crapScore="1" isConstructor="true" isStatic="false" isGetter="false" isSetter="false">
              <Summary numSequencePoints="1" visitedSequencePoints="1" numBranchPoints="0" visitedBranchPoints="0" sequenceCoverage="100.0" branchCoverage="0" maxCyclomaticComplexity="1" minCyclomaticComplexity="1" maxCrapScore="1" minCrapScore="1" visitedClasses="0" numClasses="0" visitedMethods="1" numMethods="1" />
              <MetadataToken>100663352</MetadataToken>
              <Name>MythosAndHorrors.GameView.InitializerComponent::InitializerComponent()</Name>
              <FileRef uid="8" />
              <SequencePoints>
                <SequencePoint vc="1" uspid="10578" ordinal="0" offset="0" sl="11" sc="26" el="11" ec="26" bec="0" bev="0" fileid="8" />
              </SequencePoints>
              <BranchPoints />
            </Method>
          </Methods>
        </Class>
        <Class>
          <Summary numSequencePoints="1" visitedSequencePoints="1" numBranchPoints="0" visitedBranchPoints="0" sequenceCoverage="100.0" branchCoverage="0.0" maxCyclomaticComplexity="1" minCyclomaticComplexity="1" maxCrapScore="1" minCrapScore="1" visitedClasses="1" numClasses="1" visitedMethods="1" numMethods="1" />
          <FullName>MythosAndHorrors.GameView.ShowSelectorComponent</FullName>
          <Methods>
            <Method visited="true" cyclomaticComplexity="1" nPathComplexity="0" sequenceCoverage="100.0" branchCoverage="0" crapScore="1" isConstructor="true" isStatic="false" isGetter="false" isSetter="false">
              <Summary numSequencePoints="1" visitedSequencePoints="1" numBranchPoints="0" visitedBranchPoints="0" sequenceCoverage="100.0" branchCoverage="0" maxCyclomaticComplexity="1" minCyclomaticComplexity="1" maxCrapScore="1" minCrapScore="1" visitedClasses="0" numClasses="0" visitedMethods="1" numMethods="1" />
              <MetadataToken>100663402</MetadataToken>
              <Name>MythosAndHorrors.GameView.ShowSelectorComponent::ShowSelectorComponent()</Name>
              <FileRef uid="15" />
              <SequencePoints>
                <SequencePoint vc="1" uspid="10678" ordinal="0" offset="0" sl="21" sc="9" el="21" ec="9" bec="0" bev="0" fileid="15" />
              </SequencePoints>
              <BranchPoints />
            </Method>
          </Methods>
        </Class>
        <Class>
          <Summary numSequencePoints="6" visitedSequencePoints="6" numBranchPoints="0" visitedBranchPoints="0" sequenceCoverage="100.0" branchCoverage="0.0" maxCyclomaticComplexity="1" minCyclomaticComplexity="1" maxCrapScore="1" minCrapScore="1" visitedClasses="1" numClasses="1" visitedMethods="6" numMethods="6" />
          <FullName>MythosAndHorrors.GameView.DataSave</FullName>
          <Methods>
            <Method visited="true" cyclomaticComplexity="1" nPathComplexity="0" sequenceCoverage="100.0" branchCoverage="0" crapScore="1" isConstructor="false" isStatic="false" isGetter="false" isSetter="true">
              <Summary numSequencePoints="1" visitedSequencePoints="1" numBranchPoints="0" visitedBranchPoints="0" sequenceCoverage="100.0" branchCoverage="0" maxCyclomaticComplexity="1" minCyclomaticComplexity="1" maxCrapScore="1" minCrapScore="1" visitedClasses="0" numClasses="0" visitedMethods="1" numMethods="1" />
              <MetadataToken>100663422</MetadataToken>
              <Name>System.Void MythosAndHorrors.GameView.DataSave::set_InvestigatorsSelected(System.Collections.Generic.List[String])</Name>
              <FileRef uid="18" />
              <SequencePoints>
                <SequencePoint vc="5" uspid="10725" ordinal="0" offset="0" sl="9" sc="98" el="9" ec="98" bec="0" bev="0" fileid="18" />
              </SequencePoints>
              <BranchPoints />
            </Method>
            <Method visited="true" cyclomaticComplexity="1" nPathComplexity="0" sequenceCoverage="100.0" branchCoverage="0" crapScore="1" isConstructor="false" isStatic="false" isGetter="true" isSetter="false">
              <Summary numSequencePoints="1" visitedSequencePoints="1" numBranchPoints="0" visitedBranchPoints="0" sequenceCoverage="100.0" branchCoverage="0" maxCyclomaticComplexity="1" minCyclomaticComplexity="1" maxCrapScore="1" minCrapScore="1" visitedClasses="0" numClasses="0" visitedMethods="1" numMethods="1" />
              <MetadataToken>100663423</MetadataToken>
              <Name>System.String MythosAndHorrors.GameView.DataSave::get_SceneSelected()</Name>
              <FileRef uid="18" />
              <SequencePoints>
                <SequencePoint vc="1" uspid="10726" ordinal="0" offset="0" sl="10" sc="71" el="10" ec="71" bec="0" bev="0" fileid="18" />
              </SequencePoints>
              <BranchPoints />
            </Method>
            <Method visited="true" cyclomaticComplexity="1" nPathComplexity="0" sequenceCoverage="100.0" branchCoverage="0" crapScore="1" isConstructor="false" isStatic="false" isGetter="false" isSetter="true">
              <Summary numSequencePoints="1" visitedSequencePoints="1" numBranchPoints="0" visitedBranchPoints="0" sequenceCoverage="100.0" branchCoverage="0" maxCyclomaticComplexity="1" minCyclomaticComplexity="1" maxCrapScore="1" minCrapScore="1" visitedClasses="0" numClasses="0" visitedMethods="1" numMethods="1" />
              <MetadataToken>100663424</MetadataToken>
              <Name>System.Void MythosAndHorrors.GameView.DataSave::set_SceneSelected(System.String)</Name>
              <FileRef uid="18" />
              <SequencePoints>
                <SequencePoint vc="5" uspid="10727" ordinal="0" offset="0" sl="10" sc="76" el="10" ec="76" bec="0" bev="0" fileid="18" />
              </SequencePoints>
              <BranchPoints />
            </Method>
            <Method visited="true" cyclomaticComplexity="1" nPathComplexity="0" sequenceCoverage="100.0" branchCoverage="0" crapScore="1" isConstructor="false" isStatic="false" isGetter="false" isSetter="true">
              <Summary numSequencePoints="1" visitedSequencePoints="1" numBranchPoints="0" visitedBranchPoints="0" sequenceCoverage="100.0" branchCoverage="0" maxCyclomaticComplexity="1" minCyclomaticComplexity="1" maxCrapScore="1" minCrapScore="1" visitedClasses="0" numClasses="0" visitedMethods="1" numMethods="1" />
              <MetadataToken>100663426</MetadataToken>
              <Name>System.Void MythosAndHorrors.GameView.DataSave::set_DificultySelected(MythosAndHorrors.GameRules.Dificulty)</Name>
              <FileRef uid="18" />
              <SequencePoints>
                <SequencePoint vc="5" uspid="10729" ordinal="0" offset="0" sl="11" sc="87" el="11" ec="87" bec="0" bev="0" fileid="18" />
              </SequencePoints>
              <BranchPoints />
            </Method>
            <Method visited="true" cyclomaticComplexity="1" nPathComplexity="0" sequenceCoverage="100.0" branchCoverage="0" crapScore="1" isConstructor="false" isStatic="false" isGetter="true" isSetter="false">
              <Summary numSequencePoints="1" visitedSequencePoints="1" numBranchPoints="0" visitedBranchPoints="0" sequenceCoverage="100.0" branchCoverage="0" maxCyclomaticComplexity="1" minCyclomaticComplexity="1" maxCrapScore="1" minCrapScore="1" visitedClasses="0" numClasses="0" visitedMethods="1" numMethods="1" />
              <MetadataToken>100663427</MetadataToken>
              <Name>MythosAndHorrors.GameView.Languaje MythosAndHorrors.GameView.DataSave::get_LanguajeSelected()</Name>
              <FileRef uid="18" />
              <SequencePoints>
                <SequencePoint vc="12" uspid="10730" ordinal="0" offset="0" sl="12" sc="79" el="12" ec="79" bec="0" bev="0" fileid="18" />
              </SequencePoints>
              <BranchPoints />
            </Method>
            <Method visited="true" cyclomaticComplexity="1" nPathComplexity="0" sequenceCoverage="100.0" branchCoverage="0" crapScore="1" isConstructor="false" isStatic="false" isGetter="false" isSetter="true">
              <Summary numSequencePoints="1" visitedSequencePoints="1" numBranchPoints="0" visitedBranchPoints="0" sequenceCoverage="100.0" branchCoverage="0" maxCyclomaticComplexity="1" minCyclomaticComplexity="1" maxCrapScore="1" minCrapScore="1" visitedClasses="0" numClasses="0" visitedMethods="1" numMethods="1" />
              <MetadataToken>100663428</MetadataToken>
              <Name>System.Void MythosAndHorrors.GameView.DataSave::set_LanguajeSelected(MythosAndHorrors.GameView.Languaje)</Name>
              <FileRef uid="18" />
              <SequencePoints>
                <SequencePoint vc="5" uspid="10731" ordinal="0" offset="0" sl="12" sc="84" el="12" ec="84" bec="0" bev="0" fileid="18" />
              </SequencePoints>
              <BranchPoints />
            </Method>
          </Methods>
        </Class>
        <Class>
          <Summary numSequencePoints="5" visitedSequencePoints="5" numBranchPoints="0" visitedBranchPoints="0" sequenceCoverage="100.0" branchCoverage="0.0" maxCyclomaticComplexity="1" minCyclomaticComplexity="1" maxCrapScore="1" minCrapScore="1" visitedClasses="1" numClasses="1" visitedMethods="5" numMethods="5" />
          <FullName>MythosAndHorrors.GameView.FilesPath</FullName>
          <Methods>
            <Method visited="true" cyclomaticComplexity="1" nPathComplexity="0" sequenceCoverage="100.0" branchCoverage="0" crapScore="1" isConstructor="false" isStatic="false" isGetter="true" isSetter="false">
              <Summary numSequencePoints="1" visitedSequencePoints="1" numBranchPoints="0" visitedBranchPoints="0" sequenceCoverage="100.0" branchCoverage="0" maxCyclomaticComplexity="1" minCyclomaticComplexity="1" maxCrapScore="1" minCrapScore="1" visitedClasses="0" numClasses="0" visitedMethods="1" numMethods="1" />
              <MetadataToken>100663430</MetadataToken>
              <Name>MythosAndHorrors.GameView.Languaje MythosAndHorrors.GameView.FilesPath::get_Languaje()</Name>
              <FileRef uid="19" />
              <SequencePoints>
                <SequencePoint vc="12" uspid="10732" ordinal="0" offset="0" sl="9" sc="38" el="9" ec="38" bec="0" bev="0" fileid="19" />
              </SequencePoints>
              <BranchPoints />
            </Method>
            <Method visited="true" cyclomaticComplexity="1" nPathComplexity="0" sequenceCoverage="100.0" branchCoverage="0" crapScore="1" isConstructor="false" isStatic="false" isGetter="true" isSetter="false">
              <Summary numSequencePoints="1" visitedSequencePoints="1" numBranchPoints="0" visitedBranchPoints="0" sequenceCoverage="100.0" branchCoverage="0" maxCyclomaticComplexity="1" minCyclomaticComplexity="1" maxCrapScore="1" minCrapScore="1" visitedClasses="0" numClasses="0" visitedMethods="1" numMethods="1" />
              <MetadataToken>100663431</MetadataToken>
              <Name>System.String MythosAndHorrors.GameView.FilesPath::get_JSON_CARDINFO_PATH()</Name>
              <FileRef uid="19" />
              <SequencePoints>
                <SequencePoint vc="5" uspid="10733" ordinal="0" offset="0" sl="10" sc="45" el="10" ec="45" bec="0" bev="0" fileid="19" />
              </SequencePoints>
              <BranchPoints />
            </Method>
            <Method visited="true" cyclomaticComplexity="1" nPathComplexity="0" sequenceCoverage="100.0" branchCoverage="0" crapScore="1" isConstructor="false" isStatic="false" isGetter="true" isSetter="false">
              <Summary numSequencePoints="1" visitedSequencePoints="1" numBranchPoints="0" visitedBranchPoints="0" sequenceCoverage="100.0" branchCoverage="0" maxCyclomaticComplexity="1" minCyclomaticComplexity="1" maxCrapScore="1" minCrapScore="1" visitedClasses="0" numClasses="0" visitedMethods="1" numMethods="1" />
              <MetadataToken>100663432</MetadataToken>
              <Name>System.String MythosAndHorrors.GameView.FilesPath::get_JSON_CARDEXTRAINFO_PATH()</Name>
              <FileRef uid="19" />
              <SequencePoints>
                <SequencePoint vc="3" uspid="10734" ordinal="0" offset="0" sl="11" sc="50" el="11" ec="50" bec="0" bev="0" fileid="19" />
              </SequencePoints>
              <BranchPoints />
            </Method>
            <Method visited="true" cyclomaticComplexity="1" nPathComplexity="0" sequenceCoverage="100.0" branchCoverage="0" crapScore="1" isConstructor="false" isStatic="false" isGetter="true" isSetter="false">
              <Summary numSequencePoints="1" visitedSequencePoints="1" numBranchPoints="0" visitedBranchPoints="0" sequenceCoverage="100.0" branchCoverage="0" maxCyclomaticComplexity="1" minCyclomaticComplexity="1" maxCrapScore="1" minCrapScore="1" visitedClasses="0" numClasses="0" visitedMethods="1" numMethods="1" />
              <MetadataToken>100663433</MetadataToken>
              <Name>System.String MythosAndHorrors.GameView.FilesPath::get_JSON_SPECIALCARDINFO_PATH()</Name>
              <FileRef uid="19" />
              <SequencePoints>
                <SequencePoint vc="3" uspid="10735" ordinal="0" offset="0" sl="12" sc="52" el="12" ec="52" bec="0" bev="0" fileid="19" />
              </SequencePoints>
              <BranchPoints />
            </Method>
            <Method visited="true" cyclomaticComplexity="1" nPathComplexity="0" sequenceCoverage="100.0" branchCoverage="0" crapScore="1" isConstructor="false" isStatic="false" isGetter="false" isSetter="false">
              <Summary numSequencePoints="1" visitedSequencePoints="1" numBranchPoints="0" visitedBranchPoints="0" sequenceCoverage="100.0" branchCoverage="0" maxCyclomaticComplexity="1" minCyclomaticComplexity="1" maxCrapScore="1" minCrapScore="1" visitedClasses="0" numClasses="0" visitedMethods="1" numMethods="1" />
              <MetadataToken>100663438</MetadataToken>
              <Name>System.String MythosAndHorrors.GameView.FilesPath::JSON_SCENE_PATH(System.String)</Name>
              <FileRef uid="19" />
              <SequencePoints>
                <SequencePoint vc="1" uspid="10740" ordinal="0" offset="0" sl="19" sc="60" el="19" ec="60" bec="0" bev="0" fileid="19" />
              </SequencePoints>
              <BranchPoints />
            </Method>
          </Methods>
        </Class>
        <Class>
          <Summary numSequencePoints="1" visitedSequencePoints="1" numBranchPoints="0" visitedBranchPoints="0" sequenceCoverage="100.0" branchCoverage="0.0" maxCyclomaticComplexity="1" minCyclomaticComplexity="1" maxCrapScore="1" minCrapScore="1" visitedClasses="1" numClasses="1" visitedMethods="1" numMethods="1" />
          <FullName>MythosAndHorrors.GameView.CardConverter</FullName>
          <Methods>
            <Method visited="true" cyclomaticComplexity="1" nPathComplexity="0" sequenceCoverage="100.0" branchCoverage="0" crapScore="1" isConstructor="false" isStatic="false" isGetter="false" isSetter="false">
              <Summary numSequencePoints="1" visitedSequencePoints="1" numBranchPoints="0" visitedBranchPoints="0" sequenceCoverage="100.0" branchCoverage="0" maxCyclomaticComplexity="1" minCyclomaticComplexity="1" maxCrapScore="1" minCrapScore="1" visitedClasses="0" numClasses="0" visitedMethods="1" numMethods="1" />
              <MetadataToken>100663529</MetadataToken>
              <Name>MythosAndHorrors.GameRules.Card MythosAndHorrors.GameView.CardConverter::ReadJson(Newtonsoft.Json.JsonReader, System.Type, MythosAndHorrors.GameRules.Card, System.Boolean, Newtonsoft.Json.JsonSerializer)</Name>
              <FileRef uid="35" />
              <SequencePoints>
                <SequencePoint vc="39" uspid="10841" ordinal="0" offset="0" sl="14" sc="13" el="14" ec="13" bec="0" bev="0" fileid="35" />
              </SequencePoints>
              <BranchPoints />
            </Method>
          </Methods>
        </Class>
        <Class>
          <Summary numSequencePoints="52" visitedSequencePoints="52" numBranchPoints="0" visitedBranchPoints="0" sequenceCoverage="100.0" branchCoverage="0.0" maxCyclomaticComplexity="5" minCyclomaticComplexity="1" maxCrapScore="5" minCrapScore="1" visitedClasses="1" numClasses="1" visitedMethods="5" numMethods="5" />
          <FullName>MythosAndHorrors.GameView.InjectionService</FullName>
          <Methods>
            <Method visited="true" cyclomaticComplexity="1" nPathComplexity="0" sequenceCoverage="100.0" branchCoverage="0" crapScore="1" isConstructor="false" isStatic="false" isGetter="false" isSetter="false">
              <Summary numSequencePoints="5" visitedSequencePoints="5" numBranchPoints="0" visitedBranchPoints="0" sequenceCoverage="100.0" branchCoverage="0" maxCyclomaticComplexity="1" minCyclomaticComplexity="1" maxCrapScore="1" minCrapScore="1" visitedClasses="0" numClasses="0" visitedMethods="1" numMethods="1" />
              <MetadataToken>100663532</MetadataToken>
              <Name>System.Void MythosAndHorrors.GameView.InjectionService::InstallBindings()</Name>
              <FileRef uid="36" />
              <SequencePoints>
                <SequencePoint vc="6" uspid="10845" ordinal="0" offset="0" sl="11" sc="9" el="11" ec="9" bec="0" bev="0" fileid="36" />
                <SequencePoint vc="6" uspid="10846" ordinal="0" offset="1" sl="12" sc="13" el="12" ec="13" bec="0" bev="0" fileid="36" />
                <SequencePoint vc="6" uspid="10847" ordinal="0" offset="8" sl="13" sc="13" el="13" ec="13" bec="0" bev="0" fileid="36" />
                <SequencePoint vc="6" uspid="10848" ordinal="0" offset="15" sl="14" sc="13" el="14" ec="13" bec="0" bev="0" fileid="36" />
                <SequencePoint vc="6" uspid="10849" ordinal="0" offset="22" sl="15" sc="9" el="15" ec="9" bec="0" bev="0" fileid="36" />
              </SequencePoints>
              <BranchPoints />
            </Method>
            <Method visited="true" cyclomaticComplexity="4" nPathComplexity="0" sequenceCoverage="100.0" branchCoverage="0" crapScore="4" isConstructor="false" isStatic="false" isGetter="false" isSetter="false">
              <Summary numSequencePoints="12" visitedSequencePoints="12" numBranchPoints="0" visitedBranchPoints="0" sequenceCoverage="100.0" branchCoverage="0" maxCyclomaticComplexity="4" minCyclomaticComplexity="4" maxCrapScore="4" minCrapScore="4" visitedClasses="0" numClasses="0" visitedMethods="1" numMethods="1" />
              <MetadataToken>100663533</MetadataToken>
              <Name>System.Void MythosAndHorrors.GameView.InjectionService::InstallView()</Name>
              <FileRef uid="36" />
              <SequencePoints>
                <SequencePoint vc="6" uspid="10850" ordinal="0" offset="6" sl="18" sc="9" el="18" ec="9" bec="0" bev="0" fileid="36" />
                <SequencePoint vc="6" uspid="10851" ordinal="0" offset="7" sl="19" sc="13" el="19" ec="13" bec="0" bev="0" fileid="36" />
                <SequencePoint vc="6" uspid="10852" ordinal="0" offset="28" sl="22" sc="13" el="22" ec="13" bec="0" bev="0" fileid="36" />
                <SequencePoint vc="6" uspid="10853" ordinal="0" offset="57" sl="25" sc="13" el="25" ec="13" bec="0" bev="0" fileid="36" />
                <SequencePoint vc="6" uspid="10854" ordinal="0" offset="122" sl="29" sc="13" el="29" ec="13" bec="0" bev="0" fileid="36" />
                <SequencePoint vc="6" uspid="10855" ordinal="0" offset="151" sl="32" sc="13" el="32" ec="13" bec="0" bev="0" fileid="36" />
                <SequencePoint vc="6" uspid="10856" ordinal="0" offset="216" sl="36" sc="13" el="36" ec="13" bec="0" bev="0" fileid="36" />
                <SequencePoint vc="6" uspid="10857" ordinal="0" offset="245" sl="39" sc="13" el="39" ec="13" bec="0" bev="0" fileid="36" />
                <SequencePoint vc="6" uspid="10858" ordinal="0" offset="310" sl="43" sc="13" el="43" ec="13" bec="0" bev="0" fileid="36" />
                <SequencePoint vc="6" uspid="10859" ordinal="0" offset="339" sl="47" sc="13" el="47" ec="13" bec="0" bev="0" fileid="36" />
                <SequencePoint vc="6" uspid="10860" ordinal="0" offset="368" sl="50" sc="13" el="50" ec="13" bec="0" bev="0" fileid="36" />
                <SequencePoint vc="6" uspid="10861" ordinal="0" offset="385" sl="51" sc="9" el="51" ec="9" bec="0" bev="0" fileid="36" />
              </SequencePoints>
              <BranchPoints />
            </Method>
            <Method visited="true" cyclomaticComplexity="1" nPathComplexity="0" sequenceCoverage="100.0" branchCoverage="0" crapScore="1" isConstructor="false" isStatic="false" isGetter="false" isSetter="false">
              <Summary numSequencePoints="7" visitedSequencePoints="7" numBranchPoints="0" visitedBranchPoints="0" sequenceCoverage="100.0" branchCoverage="0" maxCyclomaticComplexity="1" minCyclomaticComplexity="1" maxCrapScore="1" minCrapScore="1" visitedClasses="0" numClasses="0" visitedMethods="1" numMethods="1" />
              <MetadataToken>100663534</MetadataToken>
              <Name>System.Void MythosAndHorrors.GameView.InjectionService::InstallRules()</Name>
              <FileRef uid="36" />
              <SequencePoints>
                <SequencePoint vc="6" uspid="10862" ordinal="0" offset="6" sl="54" sc="9" el="54" ec="9" bec="0" bev="0" fileid="36" />
                <SequencePoint vc="6" uspid="10863" ordinal="0" offset="7" sl="55" sc="13" el="55" ec="13" bec="0" bev="0" fileid="36" />
                <SequencePoint vc="6" uspid="10864" ordinal="0" offset="28" sl="58" sc="13" el="58" ec="13" bec="0" bev="0" fileid="36" />
                <SequencePoint vc="6" uspid="10865" ordinal="0" offset="57" sl="62" sc="13" el="62" ec="13" bec="0" bev="0" fileid="36" />
                <SequencePoint vc="6" uspid="10866" ordinal="0" offset="86" sl="66" sc="13" el="66" ec="13" bec="0" bev="0" fileid="36" />
                <SequencePoint vc="6" uspid="10867" ordinal="0" offset="115" sl="70" sc="13" el="70" ec="13" bec="0" bev="0" fileid="36" />
                <SequencePoint vc="6" uspid="10868" ordinal="0" offset="144" sl="72" sc="9" el="72" ec="9" bec="0" bev="0" fileid="36" />
              </SequencePoints>
              <BranchPoints />
            </Method>
            <Method visited="true" cyclomaticComplexity="1" nPathComplexity="0" sequenceCoverage="100.0" branchCoverage="0" crapScore="1" isConstructor="false" isStatic="false" isGetter="false" isSetter="false">
              <Summary numSequencePoints="5" visitedSequencePoints="5" numBranchPoints="0" visitedBranchPoints="0" sequenceCoverage="100.0" branchCoverage="0" maxCyclomaticComplexity="1" minCyclomaticComplexity="1" maxCrapScore="1" minCrapScore="1" visitedClasses="0" numClasses="0" visitedMethods="1" numMethods="1" />
              <MetadataToken>100663535</MetadataToken>
              <Name>System.Void MythosAndHorrors.GameView.InjectionService::InstallSingle()</Name>
              <FileRef uid="36" />
              <SequencePoints>
                <SequencePoint vc="6" uspid="10869" ordinal="0" offset="0" sl="75" sc="9" el="75" ec="9" bec="0" bev="0" fileid="36" />
                <SequencePoint vc="6" uspid="10870" ordinal="0" offset="1" sl="76" sc="13" el="76" ec="13" bec="0" bev="0" fileid="36" />
                <SequencePoint vc="6" uspid="10871" ordinal="0" offset="23" sl="77" sc="13" el="77" ec="13" bec="0" bev="0" fileid="36" />
                <SequencePoint vc="6" uspid="10872" ordinal="0" offset="59" sl="78" sc="13" el="78" ec="13" bec="0" bev="0" fileid="36" />
                <SequencePoint vc="6" uspid="10873" ordinal="0" offset="81" sl="79" sc="9" el="79" ec="9" bec="0" bev="0" fileid="36" />
              </SequencePoints>
              <BranchPoints />
            </Method>
            <Method visited="true" cyclomaticComplexity="5" nPathComplexity="0" sequenceCoverage="100.0" branchCoverage="0" crapScore="5" isConstructor="false" isStatic="false" isGetter="false" isSetter="false">
              <Summary numSequencePoints="23" visitedSequencePoints="23" numBranchPoints="0" visitedBranchPoints="0" sequenceCoverage="100.0" branchCoverage="0" maxCyclomaticComplexity="5" minCyclomaticComplexity="5" maxCrapScore="5" minCrapScore="5" visitedClasses="0" numClasses="0" visitedMethods="1" numMethods="1" />
              <MetadataToken>100663536</MetadataToken>
              <Name>System.Void MythosAndHorrors.GameView.InjectionService::InstallGenericPresenterBindings(System.Type)</Name>
              <FileRef uid="36" />
              <SequencePoints>
                <SequencePoint vc="6" uspid="10874" ordinal="0" offset="0" sl="82" sc="9" el="82" ec="9" bec="0" bev="0" fileid="36" />
                <SequencePoint vc="6" uspid="10875" ordinal="0" offset="1" sl="83" sc="13" el="83" ec="13" bec="0" bev="0" fileid="36" />
                <SequencePoint vc="6" uspid="10876" ordinal="0" offset="7" sl="84" sc="13" el="84" ec="13" bec="0" bev="0" fileid="36" />
                <SequencePoint vc="6" uspid="10877" ordinal="0" offset="14" sl="86" sc="13" el="86" ec="13" bec="0" bev="0" fileid="36" />
                <SequencePoint vc="6" uspid="10878" ordinal="0" offset="15" sl="86" sc="35" el="86" ec="35" bec="0" bev="0" fileid="36" />
                <SequencePoint vc="1314" uspid="10879" ordinal="0" offset="24" sl="86" sc="22" el="86" ec="22" bec="0" bev="0" fileid="36" />
                <SequencePoint vc="1314" uspid="10880" ordinal="0" offset="29" sl="87" sc="13" el="87" ec="13" bec="0" bev="0" fileid="36" />
                <SequencePoint vc="1314" uspid="10881" ordinal="0" offset="30" sl="88" sc="17" el="88" ec="17" bec="0" bev="0" fileid="36" />
                <SequencePoint vc="1314" uspid="10882" ordinal="0" offset="39" sl="89" sc="17" el="89" ec="17" bec="0" bev="0" fileid="36" />
                <SequencePoint vc="1314" uspid="10883" ordinal="0" offset="40" sl="89" sc="45" el="89" ec="45" bec="0" bev="0" fileid="36" />
                <SequencePoint vc="630" uspid="10884" ordinal="0" offset="49" sl="89" sc="26" el="89" ec="26" bec="0" bev="0" fileid="36" />
                <SequencePoint vc="630" uspid="10885" ordinal="0" offset="56" sl="90" sc="17" el="90" ec="17" bec="0" bev="0" fileid="36" />
                <SequencePoint vc="630" uspid="10886" ordinal="0" offset="57" sl="91" sc="21" el="91" ec="21" bec="0" bev="0" fileid="36" />
                <SequencePoint vc="78" uspid="10887" ordinal="0" offset="88" sl="92" sc="21" el="92" ec="21" bec="0" bev="0" fileid="36" />
                <SequencePoint vc="78" uspid="10888" ordinal="0" offset="89" sl="93" sc="25" el="93" ec="25" bec="0" bev="0" fileid="36" />
                <SequencePoint vc="78" uspid="10889" ordinal="0" offset="100" sl="94" sc="25" el="94" ec="25" bec="0" bev="0" fileid="36" />
                <SequencePoint vc="78" uspid="10890" ordinal="0" offset="119" sl="96" sc="25" el="96" ec="25" bec="0" bev="0" fileid="36" />
                <SequencePoint vc="78" uspid="10891" ordinal="0" offset="163" sl="97" sc="21" el="97" ec="21" bec="0" bev="0" fileid="36" />
                <SequencePoint vc="630" uspid="10892" ordinal="0" offset="164" sl="98" sc="17" el="98" ec="17" bec="0" bev="0" fileid="36" />
                <SequencePoint vc="1944" uspid="10893" ordinal="0" offset="171" sl="89" sc="42" el="89" ec="42" bec="0" bev="0" fileid="36" />
                <SequencePoint vc="1314" uspid="10894" ordinal="0" offset="182" sl="99" sc="13" el="99" ec="13" bec="0" bev="0" fileid="36" />
                <SequencePoint vc="1320" uspid="10895" ordinal="0" offset="187" sl="86" sc="32" el="86" ec="32" bec="0" bev="0" fileid="36" />
                <SequencePoint vc="6" uspid="10896" ordinal="0" offset="196" sl="100" sc="9" el="100" ec="9" bec="0" bev="0" fileid="36" />
              </SequencePoints>
              <BranchPoints />
            </Method>
          </Methods>
        </Class>
        <Class>
          <Summary numSequencePoints="12" visitedSequencePoints="8" numBranchPoints="0" visitedBranchPoints="0" sequenceCoverage="66.67" branchCoverage="0.0" maxCyclomaticComplexity="2" minCyclomaticComplexity="1" maxCrapScore="2" minCrapScore="1" visitedClasses="1" numClasses="1" visitedMethods="2" numMethods="3" />
          <FullName>MythosAndHorrors.GameView.JsonService</FullName>
          <Methods>
            <Method visited="false" cyclomaticComplexity="1" nPathComplexity="0" sequenceCoverage="0.0" branchCoverage="0" crapScore="2" isConstructor="false" isStatic="false" isGetter="false" isSetter="false">
              <Summary numSequencePoints="4" visitedSequencePoints="0" numBranchPoints="0" visitedBranchPoints="0" sequenceCoverage="0.0" branchCoverage="0" maxCyclomaticComplexity="1" minCyclomaticComplexity="1" maxCrapScore="2" minCrapScore="2" visitedClasses="0" numClasses="0" visitedMethods="0" numMethods="1" />
              <MetadataToken>100663539</MetadataToken>
              <Name>T MythosAndHorrors.GameView.JsonService::CreateDataFromResources[T](System.String)</Name>
              <FileRef uid="37" />
              <SequencePoints>
                <SequencePoint vc="0" uspid="10897" ordinal="0" offset="0" sl="23" sc="0" el="23" ec="0" bec="0" bev="0" fileid="37" />
                <SequencePoint vc="0" uspid="10898" ordinal="0" offset="1" sl="24" sc="0" el="24" ec="0" bec="0" bev="0" fileid="37" />
                <SequencePoint vc="0" uspid="10899" ordinal="0" offset="8" sl="25" sc="0" el="25" ec="0" bec="0" bev="0" fileid="37" />
                <SequencePoint vc="0" uspid="10900" ordinal="0" offset="37" sl="26" sc="0" el="26" ec="0" bec="0" bev="0" fileid="37" />
              </SequencePoints>
              <BranchPoints />
            </Method>
            <Method visited="true" cyclomaticComplexity="1" nPathComplexity="0" sequenceCoverage="100.0" branchCoverage="0" crapScore="1" isConstructor="false" isStatic="false" isGetter="false" isSetter="false">
              <Summary numSequencePoints="4" visitedSequencePoints="4" numBranchPoints="0" visitedBranchPoints="0" sequenceCoverage="100.0" branchCoverage="0" maxCyclomaticComplexity="1" minCyclomaticComplexity="1" maxCrapScore="1" minCrapScore="1" visitedClasses="0" numClasses="0" visitedMethods="1" numMethods="1" />
              <MetadataToken>100663540</MetadataToken>
              <Name>T MythosAndHorrors.GameView.JsonService::CreateDataFromFile[T](System.String)</Name>
              <FileRef uid="37" />
              <SequencePoints>
                <SequencePoint vc="16" uspid="10901" ordinal="0" offset="0" sl="29" sc="0" el="29" ec="0" bec="0" bev="0" fileid="37" />
                <SequencePoint vc="16" uspid="10902" ordinal="0" offset="1" sl="30" sc="0" el="30" ec="0" bec="0" bev="0" fileid="37" />
                <SequencePoint vc="16" uspid="10903" ordinal="0" offset="8" sl="31" sc="0" el="31" ec="0" bec="0" bev="0" fileid="37" />
                <SequencePoint vc="16" uspid="10904" ordinal="0" offset="32" sl="32" sc="0" el="32" ec="0" bec="0" bev="0" fileid="37" />
              </SequencePoints>
              <BranchPoints />
            </Method>
            <Method visited="true" cyclomaticComplexity="2" nPathComplexity="0" sequenceCoverage="100.0" branchCoverage="0" crapScore="2" isConstructor="true" isStatic="false" isGetter="false" isSetter="false">
              <Summary numSequencePoints="4" visitedSequencePoints="4" numBranchPoints="0" visitedBranchPoints="0" sequenceCoverage="100.0" branchCoverage="0" maxCyclomaticComplexity="2" minCyclomaticComplexity="2" maxCrapScore="2" minCrapScore="2" visitedClasses="0" numClasses="0" visitedMethods="1" numMethods="1" />
              <MetadataToken>100663538</MetadataToken>
              <Name>MythosAndHorrors.GameView.JsonService::JsonService()</Name>
              <FileRef uid="37" />
              <SequencePoints>
                <SequencePoint vc="4" uspid="10917" ordinal="0" offset="0" sl="13" sc="9" el="13" ec="9" bec="0" bev="0" fileid="37" />
                <SequencePoint vc="4" uspid="10918" ordinal="0" offset="7" sl="14" sc="9" el="14" ec="9" bec="0" bev="0" fileid="37" />
                <SequencePoint vc="4" uspid="10919" ordinal="0" offset="8" sl="15" sc="13" el="15" ec="13" bec="0" bev="0" fileid="37" />
                <SequencePoint vc="4" uspid="10920" ordinal="0" offset="45" sl="19" sc="9" el="19" ec="9" bec="0" bev="0" fileid="37" />
              </SequencePoints>
              <BranchPoints />
            </Method>
          </Methods>
        </Class>
        <Class>
          <Summary numSequencePoints="11" visitedSequencePoints="11" numBranchPoints="0" visitedBranchPoints="0" sequenceCoverage="100.0" branchCoverage="0.0" maxCyclomaticComplexity="10" minCyclomaticComplexity="10" maxCrapScore="10" minCrapScore="10" visitedClasses="1" numClasses="1" visitedMethods="1" numMethods="1" />
          <FullName>MythosAndHorrors.GameView.CardLoaderUseCase</FullName>
          <Methods>
            <Method visited="true" cyclomaticComplexity="10" nPathComplexity="0" sequenceCoverage="100.0" branchCoverage="0" crapScore="10" isConstructor="false" isStatic="false" isGetter="false" isSetter="false">
              <Summary numSequencePoints="11" visitedSequencePoints="11" numBranchPoints="0" visitedBranchPoints="0" sequenceCoverage="100.0" branchCoverage="0" maxCyclomaticComplexity="10" minCyclomaticComplexity="10" maxCrapScore="10" minCrapScore="10" visitedClasses="0" numClasses="0" visitedMethods="1" numMethods="1" />
              <MetadataToken>100663544</MetadataToken>
              <Name>MythosAndHorrors.GameRules.Card MythosAndHorrors.GameView.CardLoaderUseCase::Execute(System.String)</Name>
              <FileRef uid="38" />
              <SequencePoints>
                <SequencePoint vc="42" uspid="10921" ordinal="0" offset="13" sl="21" sc="9" el="21" ec="9" bec="0" bev="0" fileid="38" />
                <SequencePoint vc="42" uspid="10922" ordinal="0" offset="14" sl="22" sc="13" el="22" ec="13" bec="0" bev="0" fileid="38" />
                <SequencePoint vc="42" uspid="10923" ordinal="0" offset="82" sl="25" sc="13" el="25" ec="13" bec="0" bev="0" fileid="38" />
                <SequencePoint vc="42" uspid="10924" ordinal="0" offset="118" sl="27" sc="13" el="27" ec="13" bec="0" bev="0" fileid="38" />
                <SequencePoint vc="42" uspid="10925" ordinal="0" offset="142" sl="28" sc="13" el="28" ec="13" bec="0" bev="0" fileid="38" />
                <SequencePoint vc="42" uspid="10926" ordinal="0" offset="166" sl="30" sc="13" el="30" ec="13" bec="0" bev="0" fileid="38" />
                <SequencePoint vc="42" uspid="10927" ordinal="0" offset="344" sl="34" sc="13" el="34" ec="13" bec="0" bev="0" fileid="38" />
                <SequencePoint vc="42" uspid="10928" ordinal="0" offset="381" sl="35" sc="13" el="35" ec="13" bec="0" bev="0" fileid="38" />
                <SequencePoint vc="42" uspid="10929" ordinal="0" offset="402" sl="36" sc="13" el="36" ec="13" bec="0" bev="0" fileid="38" />
                <SequencePoint vc="42" uspid="10930" ordinal="0" offset="416" sl="37" sc="13" el="37" ec="13" bec="0" bev="0" fileid="38" />
                <SequencePoint vc="42" uspid="10931" ordinal="0" offset="422" sl="38" sc="9" el="38" ec="9" bec="0" bev="0" fileid="38" />
              </SequencePoints>
              <BranchPoints />
            </Method>
          </Methods>
        </Class>
        <Class>
          <Summary numSequencePoints="6" visitedSequencePoints="6" numBranchPoints="0" visitedBranchPoints="0" sequenceCoverage="100.0" branchCoverage="0.0" maxCyclomaticComplexity="1" minCyclomaticComplexity="1" maxCrapScore="1" minCrapScore="1" visitedClasses="1" numClasses="1" visitedMethods="4" numMethods="4" />
          <FullName>MythosAndHorrors.GameView.DataSaveLoaderUseCase</FullName>
          <Methods>
            <Method visited="true" cyclomaticComplexity="1" nPathComplexity="0" sequenceCoverage="100.0" branchCoverage="0" crapScore="1" isConstructor="false" isStatic="false" isGetter="true" isSetter="false">
              <Summary numSequencePoints="1" visitedSequencePoints="1" numBranchPoints="0" visitedBranchPoints="0" sequenceCoverage="100.0" branchCoverage="0" maxCyclomaticComplexity="1" minCyclomaticComplexity="1" maxCrapScore="1" minCrapScore="1" visitedClasses="0" numClasses="0" visitedMethods="1" numMethods="1" />
              <MetadataToken>100663548</MetadataToken>
              <Name>System.String MythosAndHorrors.GameView.DataSaveLoaderUseCase::get_JSON_SAVE_DATA_PATH()</Name>
              <FileRef uid="40" />
              <SequencePoints>
                <SequencePoint vc="5" uspid="10937" ordinal="0" offset="0" sl="7" sc="47" el="7" ec="47" bec="0" bev="0" fileid="40" />
              </SequencePoints>
              <BranchPoints />
            </Method>
            <Method visited="true" cyclomaticComplexity="1" nPathComplexity="0" sequenceCoverage="100.0" branchCoverage="0" crapScore="1" isConstructor="false" isStatic="false" isGetter="true" isSetter="false">
              <Summary numSequencePoints="1" visitedSequencePoints="1" numBranchPoints="0" visitedBranchPoints="0" sequenceCoverage="100.0" branchCoverage="0" maxCyclomaticComplexity="1" minCyclomaticComplexity="1" maxCrapScore="1" minCrapScore="1" visitedClasses="0" numClasses="0" visitedMethods="1" numMethods="1" />
              <MetadataToken>100663549</MetadataToken>
              <Name>MythosAndHorrors.GameView.DataSave MythosAndHorrors.GameView.DataSaveLoaderUseCase::get_DataSave()</Name>
              <FileRef uid="40" />
              <SequencePoints>
                <SequencePoint vc="13" uspid="10938" ordinal="0" offset="0" sl="10" sc="36" el="10" ec="36" bec="0" bev="0" fileid="40" />
              </SequencePoints>
              <BranchPoints />
            </Method>
            <Method visited="true" cyclomaticComplexity="1" nPathComplexity="0" sequenceCoverage="100.0" branchCoverage="0" crapScore="1" isConstructor="false" isStatic="false" isGetter="false" isSetter="true">
              <Summary numSequencePoints="1" visitedSequencePoints="1" numBranchPoints="0" visitedBranchPoints="0" sequenceCoverage="100.0" branchCoverage="0" maxCyclomaticComplexity="1" minCyclomaticComplexity="1" maxCrapScore="1" minCrapScore="1" visitedClasses="0" numClasses="0" visitedMethods="1" numMethods="1" />
              <MetadataToken>100663550</MetadataToken>
              <Name>System.Void MythosAndHorrors.GameView.DataSaveLoaderUseCase::set_DataSave(MythosAndHorrors.GameView.DataSave)</Name>
              <FileRef uid="40" />
              <SequencePoints>
                <SequencePoint vc="5" uspid="10939" ordinal="0" offset="0" sl="10" sc="41" el="10" ec="41" bec="0" bev="0" fileid="40" />
              </SequencePoints>
              <BranchPoints />
            </Method>
            <Method visited="true" cyclomaticComplexity="1" nPathComplexity="0" sequenceCoverage="100.0" branchCoverage="0" crapScore="1" isConstructor="false" isStatic="false" isGetter="false" isSetter="false">
              <Summary numSequencePoints="3" visitedSequencePoints="3" numBranchPoints="0" visitedBranchPoints="0" sequenceCoverage="100.0" branchCoverage="0" maxCyclomaticComplexity="1" minCyclomaticComplexity="1" maxCrapScore="1" minCrapScore="1" visitedClasses="0" numClasses="0" visitedMethods="1" numMethods="1" />
              <MetadataToken>100663551</MetadataToken>
              <Name>System.Void MythosAndHorrors.GameView.DataSaveLoaderUseCase::Execute()</Name>
              <FileRef uid="40" />
              <SequencePoints>
                <SequencePoint vc="5" uspid="10940" ordinal="0" offset="0" sl="13" sc="9" el="13" ec="9" bec="0" bev="0" fileid="40" />
                <SequencePoint vc="5" uspid="10941" ordinal="0" offset="1" sl="14" sc="13" el="14" ec="13" bec="0" bev="0" fileid="40" />
                <SequencePoint vc="5" uspid="10942" ordinal="0" offset="25" sl="15" sc="9" el="15" ec="9" bec="0" bev="0" fileid="40" />
              </SequencePoints>
              <BranchPoints />
            </Method>
          </Methods>
        </Class>
        <Class>
          <Summary numSequencePoints="6" visitedSequencePoints="6" numBranchPoints="0" visitedBranchPoints="0" sequenceCoverage="100.0" branchCoverage="0.0" maxCyclomaticComplexity="4" minCyclomaticComplexity="4" maxCrapScore="4" minCrapScore="4" visitedClasses="1" numClasses="1" visitedMethods="1" numMethods="1" />
          <FullName>MythosAndHorrors.GameView.SceneLoaderUseCase</FullName>
          <Methods>
            <Method visited="true" cyclomaticComplexity="4" nPathComplexity="0" sequenceCoverage="100.0" branchCoverage="0" crapScore="4" isConstructor="false" isStatic="false" isGetter="false" isSetter="false">
              <Summary numSequencePoints="6" visitedSequencePoints="6" numBranchPoints="0" visitedBranchPoints="0" sequenceCoverage="100.0" branchCoverage="0" maxCyclomaticComplexity="4" minCyclomaticComplexity="4" maxCrapScore="4" minCrapScore="4" visitedClasses="0" numClasses="0" visitedMethods="1" numMethods="1" />
              <MetadataToken>100663555</MetadataToken>
              <Name>System.Void MythosAndHorrors.GameView.SceneLoaderUseCase::Execute()</Name>
              <FileRef uid="42" />
              <SequencePoints>
                <SequencePoint vc="1" uspid="10955" ordinal="0" offset="0" sl="18" sc="9" el="18" ec="9" bec="0" bev="0" fileid="42" />
                <SequencePoint vc="1" uspid="10956" ordinal="0" offset="1" sl="19" sc="13" el="19" ec="13" bec="0" bev="0" fileid="42" />
                <SequencePoint vc="1" uspid="10957" ordinal="0" offset="40" sl="20" sc="13" el="20" ec="13" bec="0" bev="0" fileid="42" />
                <SequencePoint vc="1" uspid="10958" ordinal="0" offset="120" sl="23" sc="13" el="23" ec="13" bec="0" bev="0" fileid="42" />
                <SequencePoint vc="1" uspid="10959" ordinal="0" offset="148" sl="24" sc="13" el="24" ec="13" bec="0" bev="0" fileid="42" />
                <SequencePoint vc="1" uspid="10960" ordinal="0" offset="161" sl="25" sc="9" el="25" ec="9" bec="0" bev="0" fileid="42" />
              </SequencePoints>
              <BranchPoints />
            </Method>
          </Methods>
        </Class>
        <Class>
          <Summary numSequencePoints="1" visitedSequencePoints="1" numBranchPoints="0" visitedBranchPoints="0" sequenceCoverage="100.0" branchCoverage="0.0" maxCyclomaticComplexity="1" minCyclomaticComplexity="1" maxCrapScore="1" minCrapScore="1" visitedClasses="1" numClasses="1" visitedMethods="1" numMethods="1" />
          <FullName>MythosAndHorrors.GameView.ZoneDeckView</FullName>
          <Methods>
            <Method visited="true" cyclomaticComplexity="1" nPathComplexity="0" sequenceCoverage="100.0" branchCoverage="0" crapScore="1" isConstructor="true" isStatic="false" isGetter="false" isSetter="false">
              <Summary numSequencePoints="1" visitedSequencePoints="1" numBranchPoints="0" visitedBranchPoints="0" sequenceCoverage="100.0" branchCoverage="0" maxCyclomaticComplexity="1" minCyclomaticComplexity="1" maxCrapScore="1" minCrapScore="1" visitedClasses="0" numClasses="0" visitedMethods="1" numMethods="1" />
              <MetadataToken>100663829</MetadataToken>
              <Name>MythosAndHorrors.GameView.ZoneDeckView::ZoneDeckView()</Name>
              <FileRef uid="83" />
              <SequencePoints>
                <SequencePoint vc="5" uspid="11822" ordinal="0" offset="0" sl="15" sc="9" el="15" ec="9" bec="0" bev="0" fileid="83" />
              </SequencePoints>
              <BranchPoints />
            </Method>
          </Methods>
        </Class>
        <Class>
          <Summary numSequencePoints="2" visitedSequencePoints="2" numBranchPoints="0" visitedBranchPoints="0" sequenceCoverage="100.0" branchCoverage="0.0" maxCyclomaticComplexity="1" minCyclomaticComplexity="1" maxCrapScore="1" minCrapScore="1" visitedClasses="1" numClasses="1" visitedMethods="1" numMethods="1" />
          <FullName>MythosAndHorrors.GameView.ZoneDiscardView</FullName>
          <Methods>
            <Method visited="true" cyclomaticComplexity="1" nPathComplexity="0" sequenceCoverage="100.0" branchCoverage="0" crapScore="1" isConstructor="true" isStatic="false" isGetter="false" isSetter="false">
              <Summary numSequencePoints="2" visitedSequencePoints="2" numBranchPoints="0" visitedBranchPoints="0" sequenceCoverage="100.0" branchCoverage="0" maxCyclomaticComplexity="1" minCyclomaticComplexity="1" maxCrapScore="1" minCrapScore="1" visitedClasses="0" numClasses="0" visitedMethods="1" numMethods="1" />
              <MetadataToken>100663838</MetadataToken>
              <Name>MythosAndHorrors.GameView.ZoneDiscardView::ZoneDiscardView()</Name>
              <FileRef uid="84" />
              <SequencePoints>
                <SequencePoint vc="7" uspid="11868" ordinal="0" offset="0" sl="12" sc="9" el="12" ec="9" bec="0" bev="0" fileid="84" />
                <SequencePoint vc="7" uspid="11869" ordinal="0" offset="11" sl="15" sc="9" el="15" ec="9" bec="0" bev="0" fileid="84" />
              </SequencePoints>
              <BranchPoints />
            </Method>
          </Methods>
        </Class>
        <Class>
          <Summary numSequencePoints="3" visitedSequencePoints="3" numBranchPoints="0" visitedBranchPoints="0" sequenceCoverage="100.0" branchCoverage="0.0" maxCyclomaticComplexity="1" minCyclomaticComplexity="1" maxCrapScore="1" minCrapScore="1" visitedClasses="1" numClasses="1" visitedMethods="3" numMethods="3" />
          <FullName>MythosAndHorrors.GameView.InjectionService/&lt;&gt;c</FullName>
          <Methods>
            <Method visited="true" cyclomaticComplexity="1" nPathComplexity="0" sequenceCoverage="100.0" branchCoverage="0" crapScore="1" isConstructor="false" isStatic="false" isGetter="false" isSetter="false">
              <Summary numSequencePoints="1" visitedSequencePoints="1" numBranchPoints="0" visitedBranchPoints="0" sequenceCoverage="100.0" branchCoverage="0" maxCyclomaticComplexity="1" minCyclomaticComplexity="1" maxCrapScore="1" minCrapScore="1" visitedClasses="0" numClasses="0" visitedMethods="1" numMethods="1" />
              <MetadataToken>100664086</MetadataToken>
              <Name>System.Void MythosAndHorrors.GameView.InjectionService/&lt;&gt;c::&lt;InstallView&gt;b__1_1(Zenject.ConventionSelectTypesBinder)</Name>
              <FileRef uid="36" />
              <SequencePoints>
                <SequencePoint vc="6" uspid="12350" ordinal="0" offset="0" sl="25" sc="33" el="25" ec="33" bec="0" bev="0" fileid="36" />
              </SequencePoints>
              <BranchPoints />
            </Method>
            <Method visited="true" cyclomaticComplexity="1" nPathComplexity="0" sequenceCoverage="100.0" branchCoverage="0" crapScore="1" isConstructor="false" isStatic="false" isGetter="false" isSetter="false">
              <Summary numSequencePoints="1" visitedSequencePoints="1" numBranchPoints="0" visitedBranchPoints="0" sequenceCoverage="100.0" branchCoverage="0" maxCyclomaticComplexity="1" minCyclomaticComplexity="1" maxCrapScore="1" minCrapScore="1" visitedClasses="0" numClasses="0" visitedMethods="1" numMethods="1" />
              <MetadataToken>100664087</MetadataToken>
              <Name>System.Void MythosAndHorrors.GameView.InjectionService/&lt;&gt;c::&lt;InstallView&gt;b__1_4(Zenject.ConventionSelectTypesBinder)</Name>
              <FileRef uid="36" />
              <SequencePoints>
                <SequencePoint vc="6" uspid="12351" ordinal="0" offset="0" sl="32" sc="33" el="32" ec="33" bec="0" bev="0" fileid="36" />
              </SequencePoints>
              <BranchPoints />
            </Method>
            <Method visited="true" cyclomaticComplexity="1" nPathComplexity="0" sequenceCoverage="100.0" branchCoverage="0" crapScore="1" isConstructor="false" isStatic="false" isGetter="false" isSetter="false">
              <Summary numSequencePoints="1" visitedSequencePoints="1" numBranchPoints="0" visitedBranchPoints="0" sequenceCoverage="100.0" branchCoverage="0" maxCyclomaticComplexity="1" minCyclomaticComplexity="1" maxCrapScore="1" minCrapScore="1" visitedClasses="0" numClasses="0" visitedMethods="1" numMethods="1" />
              <MetadataToken>100664088</MetadataToken>
              <Name>System.Void MythosAndHorrors.GameView.InjectionService/&lt;&gt;c::&lt;InstallView&gt;b__1_7(Zenject.ConventionSelectTypesBinder)</Name>
              <FileRef uid="36" />
              <SequencePoints>
                <SequencePoint vc="6" uspid="12352" ordinal="0" offset="0" sl="39" sc="33" el="39" ec="33" bec="0" bev="0" fileid="36" />
              </SequencePoints>
              <BranchPoints />
            </Method>
          </Methods>
        </Class>
        <Class>
          <Summary numSequencePoints="8" visitedSequencePoints="8" numBranchPoints="0" visitedBranchPoints="0" sequenceCoverage="100.0" branchCoverage="0.0" maxCyclomaticComplexity="1" minCyclomaticComplexity="1" maxCrapScore="1" minCrapScore="1" visitedClasses="1" numClasses="1" visitedMethods="8" numMethods="8" />
          <FullName>MythosAndHorrors.GameView.InjectionService/&lt;&gt;c__DisplayClass1_0</FullName>
          <Methods>
            <Method visited="true" cyclomaticComplexity="1" nPathComplexity="0" sequenceCoverage="100.0" branchCoverage="0" crapScore="1" isConstructor="false" isStatic="false" isGetter="false" isSetter="false">
              <Summary numSequencePoints="1" visitedSequencePoints="1" numBranchPoints="0" visitedBranchPoints="0" sequenceCoverage="100.0" branchCoverage="0" maxCyclomaticComplexity="1" minCyclomaticComplexity="1" maxCrapScore="1" minCrapScore="1" visitedClasses="0" numClasses="0" visitedMethods="1" numMethods="1" />
              <MetadataToken>100664090</MetadataToken>
              <Name>System.Void MythosAndHorrors.GameView.InjectionService/&lt;&gt;c__DisplayClass1_0::&lt;InstallView&gt;b__0(Zenject.ConventionSelectTypesBinder)</Name>
              <FileRef uid="36" />
              <SequencePoints>
                <SequencePoint vc="6" uspid="12353" ordinal="0" offset="0" sl="22" sc="33" el="22" ec="33" bec="0" bev="0" fileid="36" />
              </SequencePoints>
              <BranchPoints />
            </Method>
            <Method visited="true" cyclomaticComplexity="1" nPathComplexity="0" sequenceCoverage="100.0" branchCoverage="0" crapScore="1" isConstructor="false" isStatic="false" isGetter="false" isSetter="false">
              <Summary numSequencePoints="1" visitedSequencePoints="1" numBranchPoints="0" visitedBranchPoints="0" sequenceCoverage="100.0" branchCoverage="0" maxCyclomaticComplexity="1" minCyclomaticComplexity="1" maxCrapScore="1" minCrapScore="1" visitedClasses="0" numClasses="0" visitedMethods="1" numMethods="1" />
              <MetadataToken>100664091</MetadataToken>
              <Name>System.Void MythosAndHorrors.GameView.InjectionService/&lt;&gt;c__DisplayClass1_0::&lt;InstallView&gt;b__2(Zenject.ConventionSelectTypesBinder)</Name>
              <FileRef uid="36" />
              <SequencePoints>
                <SequencePoint vc="6" uspid="12354" ordinal="0" offset="0" sl="25" sc="60" el="25" ec="60" bec="0" bev="0" fileid="36" />
              </SequencePoints>
              <BranchPoints />
            </Method>
            <Method visited="true" cyclomaticComplexity="1" nPathComplexity="0" sequenceCoverage="100.0" branchCoverage="0" crapScore="1" isConstructor="false" isStatic="false" isGetter="false" isSetter="false">
              <Summary numSequencePoints="1" visitedSequencePoints="1" numBranchPoints="0" visitedBranchPoints="0" sequenceCoverage="100.0" branchCoverage="0" maxCyclomaticComplexity="1" minCyclomaticComplexity="1" maxCrapScore="1" minCrapScore="1" visitedClasses="0" numClasses="0" visitedMethods="1" numMethods="1" />
              <MetadataToken>100664092</MetadataToken>
              <Name>System.Void MythosAndHorrors.GameView.InjectionService/&lt;&gt;c__DisplayClass1_0::&lt;InstallView&gt;b__3(Zenject.ConventionSelectTypesBinder)</Name>
              <FileRef uid="36" />
              <SequencePoints>
                <SequencePoint vc="6" uspid="12355" ordinal="0" offset="0" sl="29" sc="33" el="29" ec="33" bec="0" bev="0" fileid="36" />
              </SequencePoints>
              <BranchPoints />
            </Method>
            <Method visited="true" cyclomaticComplexity="1" nPathComplexity="0" sequenceCoverage="100.0" branchCoverage="0" crapScore="1" isConstructor="false" isStatic="false" isGetter="false" isSetter="false">
              <Summary numSequencePoints="1" visitedSequencePoints="1" numBranchPoints="0" visitedBranchPoints="0" sequenceCoverage="100.0" branchCoverage="0" maxCyclomaticComplexity="1" minCyclomaticComplexity="1" maxCrapScore="1" minCrapScore="1" visitedClasses="0" numClasses="0" visitedMethods="1" numMethods="1" />
              <MetadataToken>100664093</MetadataToken>
              <Name>System.Void MythosAndHorrors.GameView.InjectionService/&lt;&gt;c__DisplayClass1_0::&lt;InstallView&gt;b__5(Zenject.ConventionSelectTypesBinder)</Name>
              <FileRef uid="36" />
              <SequencePoints>
                <SequencePoint vc="6" uspid="12356" ordinal="0" offset="0" sl="32" sc="60" el="32" ec="60" bec="0" bev="0" fileid="36" />
              </SequencePoints>
              <BranchPoints />
            </Method>
            <Method visited="true" cyclomaticComplexity="1" nPathComplexity="0" sequenceCoverage="100.0" branchCoverage="0" crapScore="1" isConstructor="false" isStatic="false" isGetter="false" isSetter="false">
              <Summary numSequencePoints="1" visitedSequencePoints="1" numBranchPoints="0" visitedBranchPoints="0" sequenceCoverage="100.0" branchCoverage="0" maxCyclomaticComplexity="1" minCyclomaticComplexity="1" maxCrapScore="1" minCrapScore="1" visitedClasses="0" numClasses="0" visitedMethods="1" numMethods="1" />
              <MetadataToken>100664094</MetadataToken>
              <Name>System.Void MythosAndHorrors.GameView.InjectionService/&lt;&gt;c__DisplayClass1_0::&lt;InstallView&gt;b__6(Zenject.ConventionSelectTypesBinder)</Name>
              <FileRef uid="36" />
              <SequencePoints>
                <SequencePoint vc="6" uspid="12357" ordinal="0" offset="0" sl="36" sc="33" el="36" ec="33" bec="0" bev="0" fileid="36" />
              </SequencePoints>
              <BranchPoints />
            </Method>
            <Method visited="true" cyclomaticComplexity="1" nPathComplexity="0" sequenceCoverage="100.0" branchCoverage="0" crapScore="1" isConstructor="false" isStatic="false" isGetter="false" isSetter="false">
              <Summary numSequencePoints="1" visitedSequencePoints="1" numBranchPoints="0" visitedBranchPoints="0" sequenceCoverage="100.0" branchCoverage="0" maxCyclomaticComplexity="1" minCyclomaticComplexity="1" maxCrapScore="1" minCrapScore="1" visitedClasses="0" numClasses="0" visitedMethods="1" numMethods="1" />
              <MetadataToken>100664095</MetadataToken>
              <Name>System.Void MythosAndHorrors.GameView.InjectionService/&lt;&gt;c__DisplayClass1_0::&lt;InstallView&gt;b__8(Zenject.ConventionSelectTypesBinder)</Name>
              <FileRef uid="36" />
              <SequencePoints>
                <SequencePoint vc="6" uspid="12358" ordinal="0" offset="0" sl="39" sc="60" el="39" ec="60" bec="0" bev="0" fileid="36" />
              </SequencePoints>
              <BranchPoints />
            </Method>
            <Method visited="true" cyclomaticComplexity="1" nPathComplexity="0" sequenceCoverage="100.0" branchCoverage="0" crapScore="1" isConstructor="false" isStatic="false" isGetter="false" isSetter="false">
              <Summary numSequencePoints="1" visitedSequencePoints="1" numBranchPoints="0" visitedBranchPoints="0" sequenceCoverage="100.0" branchCoverage="0" maxCyclomaticComplexity="1" minCyclomaticComplexity="1" maxCrapScore="1" minCrapScore="1" visitedClasses="0" numClasses="0" visitedMethods="1" numMethods="1" />
              <MetadataToken>100664096</MetadataToken>
              <Name>System.Void MythosAndHorrors.GameView.InjectionService/&lt;&gt;c__DisplayClass1_0::&lt;InstallView&gt;b__9(Zenject.ConventionSelectTypesBinder)</Name>
              <FileRef uid="36" />
              <SequencePoints>
                <SequencePoint vc="6" uspid="12359" ordinal="0" offset="0" sl="43" sc="33" el="43" ec="33" bec="0" bev="0" fileid="36" />
              </SequencePoints>
              <BranchPoints />
            </Method>
            <Method visited="true" cyclomaticComplexity="1" nPathComplexity="0" sequenceCoverage="100.0" branchCoverage="0" crapScore="1" isConstructor="false" isStatic="false" isGetter="false" isSetter="false">
              <Summary numSequencePoints="1" visitedSequencePoints="1" numBranchPoints="0" visitedBranchPoints="0" sequenceCoverage="100.0" branchCoverage="0" maxCyclomaticComplexity="1" minCyclomaticComplexity="1" maxCrapScore="1" minCrapScore="1" visitedClasses="0" numClasses="0" visitedMethods="1" numMethods="1" />
              <MetadataToken>100664097</MetadataToken>
              <Name>System.Void MythosAndHorrors.GameView.InjectionService/&lt;&gt;c__DisplayClass1_0::&lt;InstallView&gt;b__10(Zenject.ConventionSelectTypesBinder)</Name>
              <FileRef uid="36" />
              <SequencePoints>
                <SequencePoint vc="6" uspid="12360" ordinal="0" offset="0" sl="47" sc="33" el="47" ec="33" bec="0" bev="0" fileid="36" />
              </SequencePoints>
              <BranchPoints />
            </Method>
          </Methods>
        </Class>
        <Class>
          <Summary numSequencePoints="4" visitedSequencePoints="4" numBranchPoints="0" visitedBranchPoints="0" sequenceCoverage="100.0" branchCoverage="0.0" maxCyclomaticComplexity="1" minCyclomaticComplexity="1" maxCrapScore="1" minCrapScore="1" visitedClasses="1" numClasses="1" visitedMethods="4" numMethods="4" />
          <FullName>MythosAndHorrors.GameView.InjectionService/&lt;&gt;c__DisplayClass2_0</FullName>
          <Methods>
            <Method visited="true" cyclomaticComplexity="1" nPathComplexity="0" sequenceCoverage="100.0" branchCoverage="0" crapScore="1" isConstructor="false" isStatic="false" isGetter="false" isSetter="false">
              <Summary numSequencePoints="1" visitedSequencePoints="1" numBranchPoints="0" visitedBranchPoints="0" sequenceCoverage="100.0" branchCoverage="0" maxCyclomaticComplexity="1" minCyclomaticComplexity="1" maxCrapScore="1" minCrapScore="1" visitedClasses="0" numClasses="0" visitedMethods="1" numMethods="1" />
              <MetadataToken>100664099</MetadataToken>
              <Name>System.Void MythosAndHorrors.GameView.InjectionService/&lt;&gt;c__DisplayClass2_0::&lt;InstallRules&gt;b__0(Zenject.ConventionSelectTypesBinder)</Name>
              <FileRef uid="36" />
              <SequencePoints>
                <SequencePoint vc="6" uspid="12361" ordinal="0" offset="0" sl="58" sc="33" el="58" ec="33" bec="0" bev="0" fileid="36" />
              </SequencePoints>
              <BranchPoints />
            </Method>
            <Method visited="true" cyclomaticComplexity="1" nPathComplexity="0" sequenceCoverage="100.0" branchCoverage="0" crapScore="1" isConstructor="false" isStatic="false" isGetter="false" isSetter="false">
              <Summary numSequencePoints="1" visitedSequencePoints="1" numBranchPoints="0" visitedBranchPoints="0" sequenceCoverage="100.0" branchCoverage="0" maxCyclomaticComplexity="1" minCyclomaticComplexity="1" maxCrapScore="1" minCrapScore="1" visitedClasses="0" numClasses="0" visitedMethods="1" numMethods="1" />
              <MetadataToken>100664100</MetadataToken>
              <Name>System.Void MythosAndHorrors.GameView.InjectionService/&lt;&gt;c__DisplayClass2_0::&lt;InstallRules&gt;b__1(Zenject.ConventionSelectTypesBinder)</Name>
              <FileRef uid="36" />
              <SequencePoints>
                <SequencePoint vc="6" uspid="12362" ordinal="0" offset="0" sl="62" sc="33" el="62" ec="33" bec="0" bev="0" fileid="36" />
              </SequencePoints>
              <BranchPoints />
            </Method>
            <Method visited="true" cyclomaticComplexity="1" nPathComplexity="0" sequenceCoverage="100.0" branchCoverage="0" crapScore="1" isConstructor="false" isStatic="false" isGetter="false" isSetter="false">
              <Summary numSequencePoints="1" visitedSequencePoints="1" numBranchPoints="0" visitedBranchPoints="0" sequenceCoverage="100.0" branchCoverage="0" maxCyclomaticComplexity="1" minCyclomaticComplexity="1" maxCrapScore="1" minCrapScore="1" visitedClasses="0" numClasses="0" visitedMethods="1" numMethods="1" />
              <MetadataToken>100664101</MetadataToken>
              <Name>System.Void MythosAndHorrors.GameView.InjectionService/&lt;&gt;c__DisplayClass2_0::&lt;InstallRules&gt;b__2(Zenject.ConventionSelectTypesBinder)</Name>
              <FileRef uid="36" />
              <SequencePoints>
                <SequencePoint vc="6" uspid="12363" ordinal="0" offset="0" sl="66" sc="33" el="66" ec="33" bec="0" bev="0" fileid="36" />
              </SequencePoints>
              <BranchPoints />
            </Method>
            <Method visited="true" cyclomaticComplexity="1" nPathComplexity="0" sequenceCoverage="100.0" branchCoverage="0" crapScore="1" isConstructor="false" isStatic="false" isGetter="false" isSetter="false">
              <Summary numSequencePoints="1" visitedSequencePoints="1" numBranchPoints="0" visitedBranchPoints="0" sequenceCoverage="100.0" branchCoverage="0" maxCyclomaticComplexity="1" minCyclomaticComplexity="1" maxCrapScore="1" minCrapScore="1" visitedClasses="0" numClasses="0" visitedMethods="1" numMethods="1" />
              <MetadataToken>100664102</MetadataToken>
              <Name>System.Void MythosAndHorrors.GameView.InjectionService/&lt;&gt;c__DisplayClass2_0::&lt;InstallRules&gt;b__3(Zenject.ConventionSelectTypesBinder)</Name>
              <FileRef uid="36" />
              <SequencePoints>
                <SequencePoint vc="6" uspid="12364" ordinal="0" offset="0" sl="70" sc="33" el="70" ec="33" bec="0" bev="0" fileid="36" />
              </SequencePoints>
              <BranchPoints />
            </Method>
          </Methods>
        </Class>
        <Class>
          <Summary numSequencePoints="1" visitedSequencePoints="1" numBranchPoints="0" visitedBranchPoints="0" sequenceCoverage="100.0" branchCoverage="0.0" maxCyclomaticComplexity="1" minCyclomaticComplexity="1" maxCrapScore="1" minCrapScore="1" visitedClasses="1" numClasses="1" visitedMethods="1" numMethods="1" />
          <FullName>MythosAndHorrors.GameView.JsonService/&lt;&gt;c</FullName>
          <Methods>
            <Method visited="true" cyclomaticComplexity="1" nPathComplexity="0" sequenceCoverage="100.0" branchCoverage="0" crapScore="1" isConstructor="false" isStatic="false" isGetter="false" isSetter="false">
[...]
              <BranchPoints />
            </Method>
          </Methods>
        </Class>
        <Class>
          <Summary numSequencePoints="9" visitedSequencePoints="8" numBranchPoints="0" visitedBranchPoints="0" sequenceCoverage="88.89" branchCoverage="0.0" maxCyclomaticComplexity="2" minCyclomaticComplexity="1" maxCrapScore="2.03" minCrapScore="1" visitedClasses="1" numClasses="1" visitedMethods="5" numMethods="5" />
          <FullName>MythosAndHorrors.GameRules.InvestigatorsProvider</FullName>
          <Methods>
            <Method visited="true" cyclomaticComplexity="1" nPathComplexity="0" sequenceCoverage="100.0" branchCoverage="0" crapScore="1" isConstructor="false" isStatic="false" isGetter="true" isSetter="false">
              <Summary numSequencePoints="1" visitedSequencePoints="1" numBranchPoints="0" visitedBranchPoints="0" sequenceCoverage="100.0" branchCoverage="0" maxCyclomaticComplexity="1" minCyclomaticComplexity="1" maxCrapScore="1" minCrapScore="1" visitedClasses="0" numClasses="0" visitedMethods="1" numMethods="1" />
              <MetadataToken>100664079</MetadataToken>
              <Name>System.Collections.Generic.List[Investigator] MythosAndHorrors.GameRules.InvestigatorsProvider::get_AllInvestigators()</Name>
              <FileRef uid="166" />
              <SequencePoints>
                <SequencePoint vc="1" uspid="13409" ordinal="0" offset="0" sl="14" sc="55" el="14" ec="55" bec="0" bev="0" fileid="166" />
              </SequencePoints>
              <BranchPoints />
            </Method>
            <Method visited="true" cyclomaticComplexity="1" nPathComplexity="0" sequenceCoverage="100.0" branchCoverage="0" crapScore="1" isConstructor="false" isStatic="false" isGetter="true" isSetter="false">
              <Summary numSequencePoints="1" visitedSequencePoints="1" numBranchPoints="0" visitedBranchPoints="0" sequenceCoverage="100.0" branchCoverage="0" maxCyclomaticComplexity="1" minCyclomaticComplexity="1" maxCrapScore="1" minCrapScore="1" visitedClasses="0" numClasses="0" visitedMethods="1" numMethods="1" />
              <MetadataToken>100664080</MetadataToken>
              <Name>MythosAndHorrors.GameRules.Investigator MythosAndHorrors.GameRules.InvestigatorsProvider::get_Leader()</Name>
              <FileRef uid="166" />
              <SequencePoints>
                <SequencePoint vc="1" uspid="13410" ordinal="0" offset="0" sl="15" sc="39" el="15" ec="39" bec="0" bev="0" fileid="166" />
              </SequencePoints>
              <BranchPoints />
            </Method>
            <Method visited="true" cyclomaticComplexity="2" nPathComplexity="0" sequenceCoverage="80.00" branchCoverage="0" crapScore="2.03" isConstructor="false" isStatic="false" isGetter="false" isSetter="false">
              <Summary numSequencePoints="5" visitedSequencePoints="4" numBranchPoints="0" visitedBranchPoints="0" sequenceCoverage="80.00" branchCoverage="0" maxCyclomaticComplexity="2" minCyclomaticComplexity="2" maxCrapScore="2.03" minCrapScore="2.03" visitedClasses="0" numClasses="0" visitedMethods="1" numMethods="1" />
              <MetadataToken>100664085</MetadataToken>
              <Name>System.Void MythosAndHorrors.GameRules.InvestigatorsProvider::AddInvestigator(MythosAndHorrors.GameRules.Investigator)</Name>
              <FileRef uid="166" />
              <SequencePoints>
                <SequencePoint vc="3" uspid="13415" ordinal="0" offset="0" sl="23" sc="9" el="23" ec="9" bec="0" bev="0" fileid="166" />
                <SequencePoint vc="3" uspid="13416" ordinal="0" offset="1" sl="24" sc="13" el="24" ec="13" bec="0" bev="0" fileid="166" />
                <SequencePoint vc="0" uspid="13417" ordinal="0" offset="17" sl="24" sc="55" el="24" ec="55" bec="0" bev="0" fileid="166" />
                <SequencePoint vc="3" uspid="13418" ordinal="0" offset="28" sl="25" sc="13" el="25" ec="13" bec="0" bev="0" fileid="166" />
                <SequencePoint vc="3" uspid="13419" ordinal="0" offset="41" sl="26" sc="9" el="26" ec="9" bec="0" bev="0" fileid="166" />
              </SequencePoints>
              <BranchPoints />
            </Method>
            <Method visited="true" cyclomaticComplexity="1" nPathComplexity="0" sequenceCoverage="100.0" branchCoverage="0" crapScore="1" isConstructor="false" isStatic="false" isGetter="false" isSetter="false">
              <Summary numSequencePoints="1" visitedSequencePoints="1" numBranchPoints="0" visitedBranchPoints="0" sequenceCoverage="100.0" branchCoverage="0" maxCyclomaticComplexity="1" minCyclomaticComplexity="1" maxCrapScore="1" minCrapScore="1" visitedClasses="0" numClasses="0" visitedMethods="1" numMethods="1" />
              <MetadataToken>100664086</MetadataToken>
              <Name>System.Int32 MythosAndHorrors.GameRules.InvestigatorsProvider::GetInvestigatorPosition(MythosAndHorrors.GameRules.Investigator)</Name>
              <FileRef uid="166" />
              <SequencePoints>
                <SequencePoint vc="3" uspid="13420" ordinal="0" offset="0" sl="28" sc="74" el="28" ec="74" bec="0" bev="0" fileid="166" />
              </SequencePoints>
              <BranchPoints />
            </Method>
            <Method visited="true" cyclomaticComplexity="1" nPathComplexity="0" sequenceCoverage="100.0" branchCoverage="0" crapScore="1" isConstructor="true" isStatic="false" isGetter="false" isSetter="false">
              <Summary numSequencePoints="1" visitedSequencePoints="1" numBranchPoints="0" visitedBranchPoints="0" sequenceCoverage="100.0" branchCoverage="0" maxCyclomaticComplexity="1" minCyclomaticComplexity="1" maxCrapScore="1" minCrapScore="1" visitedClasses="0" numClasses="0" visitedMethods="1" numMethods="1" />
              <MetadataToken>100664091</MetadataToken>
              <Name>MythosAndHorrors.GameRules.InvestigatorsProvider::InvestigatorsProvider()</Name>
              <FileRef uid="166" />
              <SequencePoints>
                <SequencePoint vc="5" uspid="13425" ordinal="0" offset="0" sl="12" sc="9" el="12" ec="9" bec="0" bev="0" fileid="166" />
              </SequencePoints>
              <BranchPoints />
            </Method>
          </Methods>
        </Class>
        <Class>
          <Summary numSequencePoints="13" visitedSequencePoints="13" numBranchPoints="0" visitedBranchPoints="0" sequenceCoverage="100.0" branchCoverage="0.0" maxCyclomaticComplexity="5" minCyclomaticComplexity="1" maxCrapScore="5" minCrapScore="1" visitedClasses="1" numClasses="1" visitedMethods="2" numMethods="2" />
          <FullName>MythosAndHorrors.GameRules.ReactionablesProvider</FullName>
          <Methods>
            <Method visited="true" cyclomaticComplexity="5" nPathComplexity="0" sequenceCoverage="100.0" branchCoverage="0" crapScore="5" isConstructor="false" isStatic="false" isGetter="false" isSetter="false">
              <Summary numSequencePoints="10" visitedSequencePoints="10" numBranchPoints="0" visitedBranchPoints="0" sequenceCoverage="100.0" branchCoverage="0" maxCyclomaticComplexity="5" minCyclomaticComplexity="5" maxCrapScore="5" minCrapScore="5" visitedClasses="0" numClasses="0" visitedMethods="1" numMethods="1" />
              <MetadataToken>100664092</MetadataToken>
              <Name>System.Object MythosAndHorrors.GameRules.ReactionablesProvider::Create(System.Type, System.Object[])</Name>
              <FileRef uid="167" />
              <SequencePoints>
                <SequencePoint vc="43" uspid="13426" ordinal="0" offset="0" sl="18" sc="9" el="18" ec="9" bec="0" bev="0" fileid="167" />
                <SequencePoint vc="43" uspid="13427" ordinal="0" offset="1" sl="19" sc="13" el="19" ec="13" bec="0" bev="0" fileid="167" />
                <SequencePoint vc="43" uspid="13428" ordinal="0" offset="25" sl="20" sc="13" el="20" ec="13" bec="0" bev="0" fileid="167" />
                <SequencePoint vc="13" uspid="13429" ordinal="0" offset="42" sl="20" sc="70" el="20" ec="70" bec="0" bev="0" fileid="167" />
                <SequencePoint vc="43" uspid="13430" ordinal="0" offset="55" sl="21" sc="13" el="21" ec="13" bec="0" bev="0" fileid="167" />
                <SequencePoint vc="1" uspid="13431" ordinal="0" offset="72" sl="21" sc="74" el="21" ec="74" bec="0" bev="0" fileid="167" />
                <SequencePoint vc="43" uspid="13432" ordinal="0" offset="85" sl="22" sc="13" el="22" ec="13" bec="0" bev="0" fileid="167" />
                <SequencePoint vc="1" uspid="13433" ordinal="0" offset="102" sl="22" sc="56" el="22" ec="56" bec="0" bev="0" fileid="167" />
                <SequencePoint vc="43" uspid="13434" ordinal="0" offset="115" sl="23" sc="13" el="23" ec="13" bec="0" bev="0" fileid="167" />
                <SequencePoint vc="43" uspid="13435" ordinal="0" offset="120" sl="24" sc="9" el="24" ec="9" bec="0" bev="0" fileid="167" />
              </SequencePoints>
              <BranchPoints />
            </Method>
            <Method visited="true" cyclomaticComplexity="1" nPathComplexity="0" sequenceCoverage="100.0" branchCoverage="0" crapScore="1" isConstructor="true" isStatic="false" isGetter="false" isSetter="false">
              <Summary numSequencePoints="3" visitedSequencePoints="3" numBranchPoints="0" visitedBranchPoints="0" sequenceCoverage="100.0" branchCoverage="0" maxCyclomaticComplexity="1" minCyclomaticComplexity="1" maxCrapScore="1" minCrapScore="1" visitedClasses="0" numClasses="0" visitedMethods="1" numMethods="1" />
              <MetadataToken>100664097</MetadataToken>
              <Name>MythosAndHorrors.GameRules.ReactionablesProvider::ReactionablesProvider()</Name>
              <FileRef uid="167" />
              <SequencePoints>
                <SequencePoint vc="4" uspid="13454" ordinal="0" offset="0" sl="12" sc="9" el="12" ec="9" bec="0" bev="0" fileid="167" />
                <SequencePoint vc="4" uspid="13455" ordinal="0" offset="11" sl="13" sc="9" el="13" ec="9" bec="0" bev="0" fileid="167" />
                <SequencePoint vc="4" uspid="13456" ordinal="0" offset="22" sl="14" sc="9" el="14" ec="9" bec="0" bev="0" fileid="167" />
              </SequencePoints>
              <BranchPoints />
            </Method>
          </Methods>
        </Class>
        <Class>
          <Summary numSequencePoints="6" visitedSequencePoints="6" numBranchPoints="0" visitedBranchPoints="0" sequenceCoverage="100.0" branchCoverage="0.0" maxCyclomaticComplexity="1" minCyclomaticComplexity="1" maxCrapScore="1" minCrapScore="1" visitedClasses="1" numClasses="1" visitedMethods="2" numMethods="2" />
          <FullName>MythosAndHorrors.GameRules.ZonesProvider</FullName>
          <Methods>
            <Method visited="true" cyclomaticComplexity="1" nPathComplexity="0" sequenceCoverage="100.0" branchCoverage="0" crapScore="1" isConstructor="false" isStatic="false" isGetter="false" isSetter="false">
              <Summary numSequencePoints="5" visitedSequencePoints="5" numBranchPoints="0" visitedBranchPoints="0" sequenceCoverage="100.0" branchCoverage="0" maxCyclomaticComplexity="1" minCyclomaticComplexity="1" maxCrapScore="1" minCrapScore="1" visitedClasses="0" numClasses="0" visitedMethods="1" numMethods="1" />
              <MetadataToken>100664102</MetadataToken>
              <Name>MythosAndHorrors.GameRules.Zone MythosAndHorrors.GameRules.ZonesProvider::Create()</Name>
              <FileRef uid="169" />
              <SequencePoints>
                <SequencePoint vc="72" uspid="13462" ordinal="0" offset="0" sl="14" sc="9" el="14" ec="9" bec="0" bev="0" fileid="169" />
                <SequencePoint vc="72" uspid="13463" ordinal="0" offset="1" sl="15" sc="13" el="15" ec="13" bec="0" bev="0" fileid="169" />
                <SequencePoint vc="72" uspid="13464" ordinal="0" offset="13" sl="16" sc="13" el="16" ec="13" bec="0" bev="0" fileid="169" />
                <SequencePoint vc="72" uspid="13465" ordinal="0" offset="26" sl="17" sc="13" el="17" ec="13" bec="0" bev="0" fileid="169" />
                <SequencePoint vc="72" uspid="13466" ordinal="0" offset="30" sl="18" sc="9" el="18" ec="9" bec="0" bev="0" fileid="169" />
              </SequencePoints>
              <BranchPoints />
            </Method>
            <Method visited="true" cyclomaticComplexity="1" nPathComplexity="0" sequenceCoverage="100.0" branchCoverage="0" crapScore="1" isConstructor="true" isStatic="false" isGetter="false" isSetter="false">
              <Summary numSequencePoints="1" visitedSequencePoints="1" numBranchPoints="0" visitedBranchPoints="0" sequenceCoverage="100.0" branchCoverage="0" maxCyclomaticComplexity="1" minCyclomaticComplexity="1" maxCrapScore="1" minCrapScore="1" visitedClasses="0" numClasses="0" visitedMethods="1" numMethods="1" />
              <MetadataToken>100664105</MetadataToken>
              <Name>MythosAndHorrors.GameRules.ZonesProvider::ZonesProvider()</Name>
              <FileRef uid="169" />
              <SequencePoints>
                <SequencePoint vc="4" uspid="13469" ordinal="0" offset="0" sl="10" sc="9" el="10" ec="9" bec="0" bev="0" fileid="169" />
              </SequencePoints>
              <BranchPoints />
            </Method>
          </Methods>
        </Class>
        <Class>
          <Summary numSequencePoints="1" visitedSequencePoints="0" numBranchPoints="0" visitedBranchPoints="0" sequenceCoverage="0.0" branchCoverage="0.0" maxCyclomaticComplexity="2" minCyclomaticComplexity="2" maxCrapScore="6" minCrapScore="6" visitedClasses="0" numClasses="1" visitedMethods="0" numMethods="1" />
          <FullName>MythosAndHorrors.GameRules.GameActionFactory&lt;&gt;c__5[T]</FullName>
          <Methods>
            <Method visited="false" cyclomaticComplexity="2" nPathComplexity="0" sequenceCoverage="0.0" branchCoverage="0" crapScore="6" isConstructor="false" isStatic="false" isGetter="false" isSetter="false">
              <Summary numSequencePoints="1" visitedSequencePoints="0" numBranchPoints="0" visitedBranchPoints="0" sequenceCoverage="0.0" branchCoverage="0" maxCyclomaticComplexity="2" minCyclomaticComplexity="2" maxCrapScore="6" minCrapScore="6" visitedClasses="0" numClasses="0" visitedMethods="0" numMethods="1" />
              <MetadataToken>100664221</MetadataToken>
              <Name>System.Boolean MythosAndHorrors.GameRules.GameActionFactory&lt;&gt;c__5[T]::&lt;GetLastActive&gt;b__5_0(MythosAndHorrors.GameRules.GameAction)</Name>
              <FileRef uid="129" />
              <SequencePoints>
                <SequencePoint vc="0" uspid="13649" ordinal="0" offset="0" sl="23" sc="0" el="23" ec="0" bec="0" bev="0" fileid="129" />
              </SequencePoints>
              <BranchPoints />
            </Method>
          </Methods>
        </Class>
        <Class>
          <Summary numSequencePoints="6" visitedSequencePoints="0" numBranchPoints="0" visitedBranchPoints="0" sequenceCoverage="0.0" branchCoverage="0.0" maxCyclomaticComplexity="3" minCyclomaticComplexity="3" maxCrapScore="12" minCrapScore="12" visitedClasses="0" numClasses="1" visitedMethods="0" numMethods="1" />
          <FullName>MythosAndHorrors.GameRules.GameActionFactory&lt;Create&gt;d__4[T]</FullName>
          <Methods>
            <Method visited="false" cyclomaticComplexity="3" nPathComplexity="0" sequenceCoverage="0.0" branchCoverage="0" crapScore="12" isConstructor="false" isStatic="false" isGetter="false" isSetter="false">
              <Summary numSequencePoints="6" visitedSequencePoints="0" numBranchPoints="0" visitedBranchPoints="0" sequenceCoverage="0.0" branchCoverage="0" maxCyclomaticComplexity="3" minCyclomaticComplexity="3" maxCrapScore="12" minCrapScore="12" visitedClasses="0" numClasses="0" visitedMethods="0" numMethods="1" />
              <MetadataToken>100664223</MetadataToken>
              <Name>System.Void MythosAndHorrors.GameRules.GameActionFactory&lt;Create&gt;d__4[T]::MoveNext()</Name>
              <FileRef uid="129" />
              <SequencePoints>
                <SequencePoint vc="0" uspid="13650" ordinal="0" offset="14" sl="15" sc="0" el="15" ec="0" bec="0" bev="0" fileid="129" />
                <SequencePoint vc="0" uspid="13651" ordinal="0" offset="15" sl="16" sc="0" el="16" ec="0" bec="0" bev="0" fileid="129" />
                <SequencePoint vc="0" uspid="13652" ordinal="0" offset="43" sl="17" sc="0" el="17" ec="0" bec="0" bev="0" fileid="129" />
                <SequencePoint vc="0" uspid="13653" ordinal="0" offset="71" sl="18" sc="0" el="18" ec="0" bec="0" bev="0" fileid="129" />
                <SequencePoint vc="0" uspid="13654" ordinal="0" offset="174" sl="19" sc="0" el="19" ec="0" bec="0" bev="0" fileid="129" />
                <SequencePoint vc="0" uspid="13655" ordinal="0" offset="209" sl="20" sc="0" el="20" ec="0" bec="0" bev="0" fileid="129" />
              </SequencePoints>
              <BranchPoints />
            </Method>
          </Methods>
        </Class>
        <Class>
          <Summary numSequencePoints="1" visitedSequencePoints="1" numBranchPoints="0" visitedBranchPoints="0" sequenceCoverage="100.0" branchCoverage="0.0" maxCyclomaticComplexity="1" minCyclomaticComplexity="1" maxCrapScore="1" minCrapScore="1" visitedClasses="1" numClasses="1" visitedMethods="1" numMethods="1" />
          <FullName>MythosAndHorrors.GameRules.CardsProvider/&lt;&gt;c__DisplayClass3_0</FullName>
          <Methods>
            <Method visited="true" cyclomaticComplexity="1" nPathComplexity="0" sequenceCoverage="100.0" branchCoverage="0" crapScore="1" isConstructor="false" isStatic="false" isGetter="false" isSetter="false">
              <Summary numSequencePoints="1" visitedSequencePoints="1" numBranchPoints="0" visitedBranchPoints="0" sequenceCoverage="100.0" branchCoverage="0" maxCyclomaticComplexity="1" minCyclomaticComplexity="1" maxCrapScore="1" minCrapScore="1" visitedClasses="0" numClasses="0" visitedMethods="1" numMethods="1" />
              <MetadataToken>100664393</MetadataToken>
              <Name>System.Boolean MythosAndHorrors.GameRules.CardsProvider/&lt;&gt;c__DisplayClass3_0::&lt;GetCard&gt;b__0(MythosAndHorrors.GameRules.Card)</Name>
              <FileRef uid="163" />
              <SequencePoints>
                <SequencePoint vc="2" uspid="14005" ordinal="0" offset="0" sl="11" sc="68" el="11" ec="68" bec="0" bev="0" fileid="163" />
              </SequencePoints>
              <BranchPoints />
            </Method>
          </Methods>
        </Class>
        <Class>
          <Summary numSequencePoints="1" visitedSequencePoints="0" numBranchPoints="0" visitedBranchPoints="0" sequenceCoverage="0.0" branchCoverage="0.0" maxCyclomaticComplexity="2" minCyclomaticComplexity="2" maxCrapScore="6" minCrapScore="6" visitedClasses="0" numClasses="1" visitedMethods="0" numMethods="1" />
          <FullName>MythosAndHorrors.GameRules.CardsProvider&lt;&gt;c__DisplayClass4_0[T]</FullName>
          <Methods>
            <Method visited="false" cyclomaticComplexity="2" nPathComplexity="0" sequenceCoverage="0.0" branchCoverage="0" crapScore="6" isConstructor="false" isStatic="false" isGetter="false" isSetter="false">
              <Summary numSequencePoints="1" visitedSequencePoints="0" numBranchPoints="0" visitedBranchPoints="0" sequenceCoverage="0.0" branchCoverage="0" maxCyclomaticComplexity="2" minCyclomaticComplexity="2" maxCrapScore="6" minCrapScore="6" visitedClasses="0" numClasses="0" visitedMethods="0" numMethods="1" />
              <MetadataToken>100664395</MetadataToken>
              <Name>System.Boolean MythosAndHorrors.GameRules.CardsProvider&lt;&gt;c__DisplayClass4_0[T]::&lt;GetCard&gt;b__0(MythosAndHorrors.GameRules.Card)</Name>
              <FileRef uid="163" />
              <SequencePoints>
                <SequencePoint vc="0" uspid="14006" ordinal="0" offset="0" sl="12" sc="0" el="12" ec="0" bec="0" bev="0" fileid="163" />
              </SequencePoints>
              <BranchPoints />
            </Method>
          </Methods>
        </Class>
      </Classes>
    </Module>
  </Modules>
</CoverageSession>